<?xml version="1.0" encoding="UTF-8"?>
<TEI xmlns="http://www.tei-c.org/ns/1.0" xml:id="ssj500k" xml:lang="sl">
  <teiHeader>
    <fileDesc>
      <titleStmt>
        <title xml:lang="sl">Testni vzorec korpusa ssj500k V2.3 (angleške oznake)</title>
        <title xml:lang="en">Test sample of the ssj500k V2.3 corpus (English annotations)</title>
      </titleStmt>
      <publicationStmt>
        <p>Center za jezikovne vire in tehnologije Univerze v Ljubljani</p>
      </publicationStmt>
      <sourceDesc>
        <p xml:lang="sl">Korpus jos100k V2.0 (angleške oznake)</p>
        <p xml:lang="en">Corpus jos100k V2.0 (English annotations)</p>
      </sourceDesc>
    </fileDesc>
    <encodingDesc>
      <classDecl>
        <taxonomy xml:id="UD-SYN">
          <desc xml:lang="sl">Skladenjske relacije UD</desc>
          <desc xml:lang="en">UD syntactic relations</desc>
          <category xml:id="acl">
            <catDesc xml:lang="en"><term>acl</term>: Clausal modifier of noun (adjectival clause)</catDesc>
          </category>
          <category xml:id="advcl">
            <catDesc xml:lang="en"><term>advcl</term>: Adverbial clause modifier</catDesc>
          </category>
          <category xml:id="advmod">
            <catDesc xml:lang="en"><term>advmod</term>: Adverbial modifier</catDesc>
          </category>
          <category xml:id="amod">
            <catDesc xml:lang="en"><term>amod</term>: Adjectival modifier</catDesc>
          </category>
          <category xml:id="appos">
            <catDesc xml:lang="en"><term>appos</term>: Appositional modifier</catDesc>
          </category>
          <category xml:id="aux">
            <catDesc xml:lang="en"><term>aux</term>: Auxiliary</catDesc>
          </category>
          <category xml:id="case">
            <catDesc xml:lang="en"><term>case</term>: Case marking</catDesc>
          </category>
          <category xml:id="cc">
            <catDesc xml:lang="en"><term>cc</term>: Coordinating conjunction</catDesc>
          </category>
          <category xml:id="ccomp">
            <catDesc xml:lang="en"><term>ccomp</term>: Clausal complement</catDesc>
          </category>
          <category xml:id="cc_preconj">
            <catDesc xml:lang="en"><term>cc:preconj</term>: Preconjunct</catDesc>
          </category>
          <category xml:id="conj">
            <catDesc xml:lang="en"><term>conj</term>: Conjunct</catDesc>
          </category>
          <category xml:id="cop">
            <catDesc xml:lang="en"><term>cop</term>: Copula</catDesc>
          </category>
          <category xml:id="csubj">
            <catDesc xml:lang="en"><term>csubj</term>: Clausal subject</catDesc>
          </category>
          <category xml:id="dep">
            <catDesc xml:lang="en"><term>dep</term>: Unspecified dependency</catDesc>
          </category>
          <category xml:id="det">
            <catDesc xml:lang="en"><term>det</term>: Determiner</catDesc>
          </category>
          <category xml:id="discourse">
            <catDesc xml:lang="en"><term>discourse</term>: Discourse element</catDesc>
          </category>
          <category xml:id="expl">
            <catDesc xml:lang="en"><term>expl</term>: Expletive</catDesc>
          </category>
          <category xml:id="fixed">
            <catDesc xml:lang="en"><term>fixed</term>: Fixed multiword expression</catDesc>
          </category>
          <category xml:id="flat">
            <catDesc xml:lang="en"><term>flat</term>: Flat multiword expression</catDesc>
          </category>
          <category xml:id="flat_foreign">
            <catDesc xml:lang="en"><term>flat:foreign</term>: Flat multiword expression: foreign</catDesc>
          </category>
          <category xml:id="flat_name">
            <catDesc xml:lang="en"><term>flat:name</term>: Flat name</catDesc>
          </category>
          <category xml:id="iobj">
            <catDesc xml:lang="en"><term>iobj</term>: Indirect object</catDesc>
          </category>
          <category xml:id="mark">
            <catDesc xml:lang="en"><term>mark</term>: Marker</catDesc>
          </category>
          <category xml:id="nmod">
            <catDesc xml:lang="en"><term>nmod</term>: Nominal modifier</catDesc>
          </category>
          <category xml:id="nsubj">
            <catDesc xml:lang="en"><term>nsubj</term>: Nominal subject</catDesc>
          </category>
          <category xml:id="nummod">
            <catDesc xml:lang="en"><term>nummod</term>: Numeric modifier</catDesc>
          </category>
          <category xml:id="obj">
            <catDesc xml:lang="en"><term>obj</term>: Object</catDesc>
          </category>
          <category xml:id="obl">
            <catDesc xml:lang="en"><term>obl</term>: Oblique nominal</catDesc>
          </category>
          <category xml:id="parataxis">
            <catDesc xml:lang="en"><term>parataxis</term>: Parataxis</catDesc>
          </category>
          <category xml:id="punct">
            <catDesc xml:lang="en"><term>punct</term>: Punctuation</catDesc>
          </category>
          <category xml:id="root">
            <catDesc xml:lang="en"><term>root</term>: Root</catDesc>
          </category>
          <category xml:id="xcomp">
            <catDesc xml:lang="en"><term>xcomp</term>: Open clausal complement</catDesc>
          </category>
        </taxonomy>
	<taxonomy xml:id="JOS-SYN">
	  <desc xml:lang="sl">Skladenjske relacije JOS</desc>
	  <desc xml:lang="en">JOS syntactic relations</desc>
	  <category xml:id="Root">
	    <catDesc><term>Root dependency</term>: Root forms a link between the abstract node of the
	    clause or sentence, as the source, with elements which form further connections in a
	    dependency tree. The targets are typically clause predicates, predicateless elliptical
	    parts of sentences or independent particles within a sentence. Furthermore, it forms a
	    link with all other tokens (word or punctuation) without an explicit syntactic role in a
	    sentence.</catDesc>
	  </category>
	  <category xml:id="PPart">
	    <catDesc><term>Predicate part</term>: PPart forms a link between elements without a
	    dependency relation in the usual head-dependent sense which are consequently defined
	    merely as parts of a word phrase. Typically it is used to link parts of verb phrases with
	    the finite verb form or a participle ending in -l, as the source, and morphemes »ne«,
	    »se«, »si«, »bi«, or the forms of the auxiliary verb be used to form future and past
	    tenses, i. e. »bo«, »je«, etc., as the target.</catDesc>
	  </category>
	  <category xml:id="Atr">
	    <catDesc><term>Attribute</term>: Atr is used to link heads and their dependents in word
	    phrases. The source is the head of the phrase, the target is its dependent. Typically it
	    is used in noun phrases, adjectival and adverbial phrases or to connect parts of complex
	    verb phrases with modal verbs and non-finite verb forms, as well as to link subject or
	    object complements to the verb.</catDesc>
	  </category>
	  <category xml:id="Sb">
	    <catDesc><term>Subject</term>: Sb is used to link parts of clauses or sentences that can
	    be defined as traditional subjects. However, the nodes linked with this relation do not
	    comply entirely with the definition of a subject in traditional grammars. On the clause
	    level, it forms a link between the predicate node and the subject node, with the head of
	    the verb phrase in the predicate, as the source, and the head of the noun phrase or other
	    kinds of phrases in the subject, as the target. On the sentence level, it forms a link
	    between the main clause and the subject clause with the head of verb phrase in the main
	    clause, as the source, and the head of the verb phrase in the subject clause, as the
	    target.</catDesc>
	  </category>
	  <category xml:id="Obj">
	    <catDesc><term>Object</term>: Obj is used to link parts of clauses or sentences that can
	    be defined as traditional objects. However, the nodes linked with this relation do not
	    comply entirely with the definition of an object in traditional grammars. On the clause
	    level, it forms a link between the predicate node and the object node, with the head of
	    the verb phrase in the predicate, as the source, and the head of the noun phrase or other
	    kinds of phrases in the object, as the target. On the sentence level, it forms a link
	    between the main clause and the object clause with the head of verb phrase in the main
	    clause, as the source, and the head of the verb phrase in the object clause, as the
	    target.</catDesc>
	  </category>
	  <category xml:id="AdvM">
	    <catDesc><term>Adverbial of manner</term>: AdvM is used to link parts of clauses or
	    sentences that can be defined as traditional adverbials of manner. However, the nodes
	    linked with this relation do not comply entirely with the definition of such adverbials in
	    traditional grammars. On the clause level, it forms a link between the predicate node and
	    the adverbial node, with the head of the verb phrase in the predicate, as the source, and
	    the head of the noun phrase or other kinds of phrases in the adverbial, as the target. On
	    the sentence level, it forms a link between the main clause and the adverbial clause with
	    the head of verb phrase in the main clause, as the source, and the head of the verb phrase
	    in the adverbial clause, as the target.</catDesc>
	  </category>
	  <category xml:id="AdvO">
	    <catDesc><term>Adverbial, other</term>: AdvO is used to link parts of clauses or sentences
	    that can be defined as traditional adverbials, with the exception of adverbials of
	    manner. However, the nodes linked with this relation do not comply entirely with the
	    definition of such adverbials in traditional grammars. On the clause level, it forms a
	    link between the predicate node and the adverbial node, with the head of the verb phrase
	    in the predicate, as the source, and the head of the noun phrase or other kinds of phrases
	    in the adverbial, as the target. On the sentence level, it forms a link between the main
	    clause and the adverbial clause with the head of verb phrase in the main clause, as the
	    source, and the head of the verb phrase in the adverbial clause, as the target.</catDesc>
	  </category>
	  <category xml:id="Coord">
	    <catDesc><term>Coordination</term>: Coord is used to link parts of coordinate structures
	    on phrase level. It forms a link between the head of the first part of the coordinate
	    structure and the head of the second part of the structure. The source is always the head
	    in the left part of the structure and the target is the head in the right part of the
	    structure. </catDesc>
	  </category>
	  <category xml:id="Conj">
	    <catDesc><term>Conjunction</term>: Conj is used in combination with the Coord relation to
	    link three elements – connected with Coord and Conj – in a triangle. Conj is used to link
	    the head of the second part of the coordinate structure on the phrase level, as the
	    source, and the coordinating conjunction or punctuation mark (if it functions as the
	    coordinating conjunction), as the target.</catDesc>
	  </category>
	  <category xml:id="MWU">
	    <catDesc><term>Multi-word unit</term>: MWU is used to link words which have a very strong
	    tendency to appear together as a group forming a multiword unit and do not show
	    characteristics of a head-dependant phrase structure. Typically, this relation is used to
	    link words with a variant spelling with or without a space, some multi-word conjunctions
	    and similar elements.</catDesc>
	  </category>
	</taxonomy>
        <taxonomy xml:id="NER">
          <desc xml:lang="en"><term>Named entities</term></desc>
          <desc xml:lang="sl"><term>Imenske entitete</term></desc>
          <category xml:id="per">
            <catDesc xml:lang="sl"><term>oseba</term></catDesc>
            <catDesc xml:lang="en"><term>person</term></catDesc>
          </category>
          <category xml:id="loc">
            <catDesc xml:lang="sl"><term>lokacija</term></catDesc>
            <catDesc xml:lang="en"><term>location</term></catDesc>
          </category>
          <category xml:id="org">
            <catDesc xml:lang="sl"><term>organizacija</term></catDesc>
            <catDesc xml:lang="en"><term>organization</term></catDesc>
          </category>
          <category xml:id="misc">
            <catDesc xml:lang="sl"><term>drugo</term></catDesc>
            <catDesc xml:lang="en"><term>miscellaneous</term></catDesc>
          </category>
        </taxonomy>
        <taxonomy xml:id="PARSEME.VMWE">
          <category xml:id="VID">
            <catDesc xml:lang="sl">glagolski idiom</catDesc>
            <catDesc xml:lang="en">verbal idiom</catDesc>
          </category>
          <category xml:id="IRV">
            <catDesc xml:lang="sl">inherentno povratni glagol</catDesc>
            <catDesc xml:lang="en">inherently reflexive verb</catDesc>
          </category>
          <category xml:id="LVC.full">
            <catDesc xml:lang="sl">zveza z glagolom z oslabljenim pomenom</catDesc>
            <catDesc xml:lang="en">light verb construction (full)</catDesc>
          </category>
          <category xml:id="LVC.cause">
            <catDesc xml:lang="sl">vzročna zveza z glagolom z oslabljenim pomenom</catDesc>
            <catDesc xml:lang="en">light verb construction (cause)</catDesc>
          </category>
          <category xml:id="IAV">
            <catDesc xml:lang="sl">predložna glagolska zveza</catDesc>
            <catDesc xml:lang="en">inherently adpositional verb</catDesc>
          </category>
        </taxonomy>
        <taxonomy xml:id="SRL">
          <category xml:id="ACT">
            <catDesc xml:lang="sl">vršilec</catDesc>
            <catDesc xml:lang="en">actor</catDesc>
          </category>
          <category xml:id="PAT">
            <catDesc xml:lang="sl">prizadeto</catDesc>
            <catDesc xml:lang="en">patient</catDesc>
          </category>
          <category xml:id="REC">
            <catDesc xml:lang="sl">prejemnik</catDesc>
            <catDesc xml:lang="en">receiver</catDesc>
          </category>
          <category xml:id="ORIG">
            <catDesc xml:lang="sl">izvor</catDesc>
            <catDesc xml:lang="en">origin</catDesc>
          </category>
          <category xml:id="RESLT">
            <catDesc xml:lang="sl">učinek</catDesc>
            <catDesc xml:lang="en">result</catDesc>
          </category>
          <category xml:id="TIME">
            <catDesc xml:lang="sl">čas</catDesc>
            <catDesc xml:lang="en">time</catDesc>
          </category>
          <category xml:id="DUR">
            <catDesc xml:lang="sl">trajanje</catDesc>
            <catDesc xml:lang="en">duration</catDesc>
          </category>
          <category xml:id="FREQ">
            <catDesc xml:lang="sl">pogostnost</catDesc>
            <catDesc xml:lang="en">frequency</catDesc>
          </category>
          <category xml:id="LOC">
            <catDesc xml:lang="sl">kraj</catDesc>
            <catDesc xml:lang="en">location</catDesc>
          </category>
          <category xml:id="SOURCE">
            <catDesc xml:lang="sl">začetna lokacija</catDesc>
            <catDesc xml:lang="en">source</catDesc>
          </category>
          <category xml:id="GOAL">
            <catDesc xml:lang="sl">končna lokacija</catDesc>
            <catDesc xml:lang="en">goal</catDesc>
          </category>
          <category xml:id="EVENT">
            <catDesc xml:lang="sl">dogodek</catDesc>
            <catDesc xml:lang="en">event</catDesc>
          </category>
          <category xml:id="AIM">
            <catDesc xml:lang="sl">namen</catDesc>
            <catDesc xml:lang="en">aim</catDesc>
          </category>
          <category xml:id="CAUSE">
            <catDesc xml:lang="sl">vzrok</catDesc>
            <catDesc xml:lang="en">cause</catDesc>
          </category>
          <category xml:id="CONTR">
            <catDesc xml:lang="sl">protivnost</catDesc>
            <catDesc xml:lang="en">contradiction</catDesc>
          </category>
          <category xml:id="COND">
            <catDesc xml:lang="sl">pogoj</catDesc>
            <catDesc xml:lang="en">condition</catDesc>
          </category>
          <category xml:id="REG">
            <catDesc xml:lang="sl">ozir</catDesc>
            <catDesc xml:lang="en">regard</catDesc>
          </category>
          <category xml:id="ACMP">
            <catDesc xml:lang="sl">spremstvo</catDesc>
            <catDesc xml:lang="en">accompaniment</catDesc>
          </category>
          <category xml:id="RESTR">
            <catDesc xml:lang="sl">omejitev</catDesc>
            <catDesc xml:lang="en">restriction</catDesc>
          </category>
          <category xml:id="MANN">
            <catDesc xml:lang="sl">način</catDesc>
            <catDesc xml:lang="en">manner</catDesc>
          </category>
          <category xml:id="MEANS">
            <catDesc xml:lang="sl">sredstvo</catDesc>
            <catDesc xml:lang="en">means</catDesc>
          </category>
          <category xml:id="QUANT">
            <catDesc xml:lang="sl">količina</catDesc>
            <catDesc xml:lang="en">quantity</catDesc>
          </category>
          <category xml:id="MWPRED">
            <catDesc xml:lang="sl">zveza z nedoločnikom</catDesc>
            <catDesc xml:lang="en">multiword predicate</catDesc>
          </category>
          <category xml:id="MODAL">
            <catDesc xml:lang="sl">zveza z modalnim glagolom</catDesc>
            <catDesc xml:lang="en">modal</catDesc>
          </category>
          <category xml:id="PHRAS">
            <catDesc xml:lang="sl">frazeološka zveza</catDesc>
            <catDesc xml:lang="en">phraseme</catDesc>
          </category>
        </taxonomy>
      </classDecl>
      <listPrefixDef>
        <prefixDef ident="mte" matchPattern="(.+)"
		   replacementPattern="http://nl.ijs.si/ME/V6/msd/tables/msd-fslib-sl.xml#$1">
          <p xml:lang="en">Private URIs with this prefix point to feature-structure elements
          defining the Slovenian MULTEXT-East Version 6 MSDs.</p>
        </prefixDef>
        <prefixDef ident="jos-syn" matchPattern="(.+)" replacementPattern="#$1">
          <p xml:lang="en">Private URIs with this prefix point to elements giving their
          explanation and mapping to English and Slovene. In this document they are simply
          local references to the JOS-SYN taxonomy categories in this TEI header..</p>
          <p xml:lang="sl">Zasebni naslovi URI s to predpono kažejo na elemente, ki jih
          pojasnijo in podajo njihovo preslikavo v angleščino in slovenščino. V pričujočem
          dokumentu so to enostavno lokalne reference v taksonomijo JOS-SYN, ki se nahajaja v
          kolofonu TEI.</p>
        </prefixDef>
        <prefixDef ident="ud-syn" matchPattern="(.+)" replacementPattern="#$1">
          <p>Private URIs with this prefix point to elements giving their name in English and
          Slovene. In this document they are simply local references into the UD-SYN taxonomy
          categories in this TEI header.</p>
          <p xml:lang="sl">Zasebni naslovi URI s to predpono kažejo na elemente, ki podajo
          preslikavo v njihove slovenske in angleške termine. V pričujočem dokumentu so to
          enostavno lokalne reference v taksonomijo UD-SYN, ki se nahajaja v kolofonu TEI.</p>
        </prefixDef>
        <prefixDef ident="mwe" matchPattern="(.+)" replacementPattern="#$1">
          <p xml:lang="en">Private URIs with this prefix point to elements giving their
          mapping to Slovene and English terms. In this document they are simply local
          references to the verbal multiword expressions given in the "PARSEME.VMWE" taxonomy
          in the teiHeader.</p>
          <p xml:lang="sl">Zasebni naslovi URI s to predpono kažejo na elemente, ki podajo
          preslikavo v njihove slovenske in angleške termine.  V pričujočem dokumentu so to
          enostavno lokalne reference na vrste PARSEME glagolskih večbesednih izrazov, ki se
          nahajajo v taksonomiji "PARSEME.VMWE" v kolofonu TEI.</p>
        </prefixDef>
        <prefixDef ident="srl" matchPattern="(.+)" replacementPattern="#$1">
          <p xml:lang="en">Private URIs with this prefix point to elements giving their
          explanation and mapping to English. In this document they are simply local
          references to the semantic roles in the "SRL" taxonomy in the teiHeader.</p>
          <p xml:lang="sl">Zasebni naslovi URI s to predpono kažejo na elemente, ki jih
          pojasnijo in podajo njihovo preslikavo v angleščino. V pričujočem dokumentu so to
          enostavno lokalne reference na udeleženske vloge v taksonomiji "SRL" v kolofonu
          TEI.</p>
        </prefixDef>
      </listPrefixDef>
    </encodingDesc>
    <profileDesc>
      <langUsage>
        <language ident="sl">
          <term xml:lang="sl">slovenščina</term>
          <term xml:lang="en">Slovene</term>
        </language>
        <language ident="en">
          <term xml:lang="sl">angleščina</term>
          <term xml:lang="en">English</term>
        </language>
      </langUsage>
    </profileDesc>
  </teiHeader>
  <text>
    <body>
      <div xml:id="ssj1">
	<p xml:id="ssj1.1">
	  <s xml:id="ssj1.1.1">
	    <pc ana="mte:Z" msd="UPosTag=PUNCT" xml:id="ssj1.1.1.t1" join="right">"</pc>
	    <w ana="mte:Pd-msg" msd="UPosTag=DET|Case=Gen|Gender=Masc|Number=Sing|PronType=Dem" lemma="tisti" xml:id="ssj1.1.1.t2">Tistega</w>
	    <w ana="mte:Ncmsg" msd="UPosTag=NOUN|Case=Gen|Gender=Masc|Number=Sing" lemma="večer" xml:id="ssj1.1.1.t3">večera</w>
	    <w ana="mte:Va-r1s-n" msd="UPosTag=AUX|Mood=Ind|Number=Sing|Person=1|Polarity=Pos|Tense=Pres|VerbForm=Fin" lemma="biti" xml:id="ssj1.1.1.t4">sem</w>
	    <w ana="mte:Rgp" msd="UPosTag=DET|PronType=Ind" lemma="preveč" xml:id="ssj1.1.1.t5">preveč</w>
	    <w ana="mte:Vmep-sm" msd="UPosTag=VERB|Aspect=Perf|Gender=Masc|Number=Sing|VerbForm=Part" lemma="popiti" xml:id="ssj1.1.1.t6" join="right">popil</w>
	    <pc ana="mte:Z" msd="UPosTag=PUNCT" xml:id="ssj1.1.1.t7">,</pc>
	    <w ana="mte:Vmep-sn" msd="UPosTag=VERB|Aspect=Perf|Gender=Neut|Number=Sing|VerbForm=Part" lemma="zgoditi" xml:id="ssj1.1.1.t8">zgodilo</w>
	    <w ana="mte:Px------y" msd="UPosTag=PRON|PronType=Prs|Reflex=Yes|Variant=Short" lemma="se" xml:id="ssj1.1.1.t9">se</w>
	    <w ana="mte:Va-r3s-n" msd="UPosTag=AUX|Mood=Ind|Number=Sing|Person=3|Polarity=Pos|Tense=Pres|VerbForm=Fin" lemma="biti" xml:id="ssj1.1.1.t10">je</w>
	    <w ana="mte:Ncmsan" msd="UPosTag=NOUN|Animacy=Inan|Case=Acc|Gender=Masc|Number=Sing" lemma="mesec" xml:id="ssj1.1.1.t11">mesec</w>
	    <w ana="mte:Ncmpg" msd="UPosTag=NOUN|Case=Gen|Gender=Masc|Number=Plur" lemma="dan" xml:id="ssj1.1.1.t12">dni</w>
	    <w ana="mte:Sl" msd="UPosTag=ADP|Case=Loc" lemma="po" xml:id="ssj1.1.1.t13">po</w>
	    <w ana="mte:Pd-nsl" msd="UPosTag=DET|Case=Loc|Gender=Neut|Number=Sing|PronType=Dem" lemma="ta" xml:id="ssj1.1.1.t14" join="right">tem</w>
	    <pc ana="mte:Z" msd="UPosTag=PUNCT" xml:id="ssj1.1.1.t15">,</pc>
	    <w ana="mte:Cs" msd="UPosTag=SCONJ" lemma="ko" xml:id="ssj1.1.1.t16">ko</w>
	    <w ana="mte:Va-r1s-n" msd="UPosTag=AUX|Mood=Ind|Number=Sing|Person=1|Polarity=Pos|Tense=Pres|VerbForm=Fin" lemma="biti" xml:id="ssj1.1.1.t17">sem</w>
	    <w ana="mte:Vmep-sm" msd="UPosTag=VERB|Aspect=Perf|Gender=Masc|Number=Sing|VerbForm=Part" lemma="izvedeti" xml:id="ssj1.1.1.t18" join="right">izvedel</w>
	    <pc ana="mte:Z" msd="UPosTag=PUNCT" xml:id="ssj1.1.1.t19">,</pc>
	    <w ana="mte:Cs" msd="UPosTag=SCONJ" lemma="da" xml:id="ssj1.1.1.t20">da</w>
	    <w ana="mte:Pp1-sa--y" msd="UPosTag=PRON|Case=Acc|Number=Sing|Person=1|PronType=Prs|Variant=Short" lemma="jaz" xml:id="ssj1.1.1.t21">me</w>
	    <w ana="mte:Ncfsn" msd="UPosTag=NOUN|Case=Nom|Gender=Fem|Number=Sing" lemma="žena" xml:id="ssj1.1.1.t22">žena</w>
	    <w ana="mte:Vmpr3s" msd="UPosTag=VERB|Aspect=Imp|Mood=Ind|Number=Sing|Person=3|Tense=Pres|VerbForm=Fin" lemma="varati" xml:id="ssj1.1.1.t23" join="right">vara</w>
	    <pc ana="mte:Z" msd="UPosTag=PUNCT" xml:id="ssj1.1.1.t24">.</pc>
	    <linkGrp corresp="#ssj1.1.1" targFunc="head argument" type="UD-SYN">
	      <link ana="ud-syn:punct" target="#ssj1.1.1.t6 #ssj1.1.1.t1"/>
	      <link ana="ud-syn:det" target="#ssj1.1.1.t3 #ssj1.1.1.t2"/>
	      <link ana="ud-syn:obl" target="#ssj1.1.1.t6 #ssj1.1.1.t3"/>
	      <link ana="ud-syn:aux" target="#ssj1.1.1.t6 #ssj1.1.1.t4"/>
	      <link ana="ud-syn:advmod" target="#ssj1.1.1.t6 #ssj1.1.1.t5"/>
	      <link ana="ud-syn:root" target="#ssj1.1.1 #ssj1.1.1.t6"/>
	      <link ana="ud-syn:punct" target="#ssj1.1.1.t8 #ssj1.1.1.t7"/>
	      <link ana="ud-syn:parataxis" target="#ssj1.1.1.t6 #ssj1.1.1.t8"/>
	      <link ana="ud-syn:expl" target="#ssj1.1.1.t8 #ssj1.1.1.t9"/>
	      <link ana="ud-syn:aux" target="#ssj1.1.1.t8 #ssj1.1.1.t10"/>
	      <link ana="ud-syn:obl" target="#ssj1.1.1.t8 #ssj1.1.1.t11"/>
	      <link ana="ud-syn:nmod" target="#ssj1.1.1.t11 #ssj1.1.1.t12"/>
	      <link ana="ud-syn:case" target="#ssj1.1.1.t14 #ssj1.1.1.t13"/>
	      <link ana="ud-syn:nmod" target="#ssj1.1.1.t11 #ssj1.1.1.t14"/>
	      <link ana="ud-syn:punct" target="#ssj1.1.1.t18 #ssj1.1.1.t15"/>
	      <link ana="ud-syn:mark" target="#ssj1.1.1.t18 #ssj1.1.1.t16"/>
	      <link ana="ud-syn:aux" target="#ssj1.1.1.t18 #ssj1.1.1.t17"/>
	      <link ana="ud-syn:acl" target="#ssj1.1.1.t14 #ssj1.1.1.t18"/>
	      <link ana="ud-syn:punct" target="#ssj1.1.1.t23 #ssj1.1.1.t19"/>
	      <link ana="ud-syn:mark" target="#ssj1.1.1.t23 #ssj1.1.1.t20"/>
	      <link ana="ud-syn:obj" target="#ssj1.1.1.t23 #ssj1.1.1.t21"/>
	      <link ana="ud-syn:nsubj" target="#ssj1.1.1.t23 #ssj1.1.1.t22"/>
	      <link ana="ud-syn:ccomp" target="#ssj1.1.1.t18 #ssj1.1.1.t23"/>
	      <link ana="ud-syn:punct" target="#ssj1.1.1.t6 #ssj1.1.1.t24"/>
	    </linkGrp>
	    <linkGrp corresp="#ssj1.1.1" targFunc="head argument" type="JOS-SYN">
	      <link ana="jos-syn:Root" target="#ssj1.1.1 #ssj1.1.1.t1"/>
	      <link ana="jos-syn:Atr" target="#ssj1.1.1.t3 #ssj1.1.1.t2"/>
	      <link ana="jos-syn:AdvO" target="#ssj1.1.1.t6 #ssj1.1.1.t3"/>
	      <link ana="jos-syn:PPart" target="#ssj1.1.1.t6 #ssj1.1.1.t4"/>
	      <link ana="jos-syn:AdvM" target="#ssj1.1.1.t6 #ssj1.1.1.t5"/>
	      <link ana="jos-syn:Root" target="#ssj1.1.1 #ssj1.1.1.t6"/>
	      <link ana="jos-syn:Root" target="#ssj1.1.1 #ssj1.1.1.t7"/>
	      <link ana="jos-syn:Root" target="#ssj1.1.1 #ssj1.1.1.t8"/>
	      <link ana="jos-syn:PPart" target="#ssj1.1.1.t8 #ssj1.1.1.t9"/>
	      <link ana="jos-syn:PPart" target="#ssj1.1.1.t8 #ssj1.1.1.t10"/>
	      <link ana="jos-syn:AdvO" target="#ssj1.1.1.t8 #ssj1.1.1.t11"/>
	      <link ana="jos-syn:Atr" target="#ssj1.1.1.t11 #ssj1.1.1.t12"/>
	      <link ana="jos-syn:Atr" target="#ssj1.1.1.t14 #ssj1.1.1.t13"/>
	      <link ana="jos-syn:Atr" target="#ssj1.1.1.t11 #ssj1.1.1.t14"/>
	      <link ana="jos-syn:Root" target="#ssj1.1.1 #ssj1.1.1.t15"/>
	      <link ana="jos-syn:Conj" target="#ssj1.1.1.t18 #ssj1.1.1.t16"/>
	      <link ana="jos-syn:PPart" target="#ssj1.1.1.t18 #ssj1.1.1.t17"/>
	      <link ana="jos-syn:Atr" target="#ssj1.1.1.t14 #ssj1.1.1.t18"/>
	      <link ana="jos-syn:Root" target="#ssj1.1.1 #ssj1.1.1.t19"/>
	      <link ana="jos-syn:Conj" target="#ssj1.1.1.t23 #ssj1.1.1.t20"/>
	      <link ana="jos-syn:Obj" target="#ssj1.1.1.t23 #ssj1.1.1.t21"/>
	      <link ana="jos-syn:Sb" target="#ssj1.1.1.t23 #ssj1.1.1.t22"/>
	      <link ana="jos-syn:Obj" target="#ssj1.1.1.t18 #ssj1.1.1.t23"/>
	      <link ana="jos-syn:Root" target="#ssj1.1.1 #ssj1.1.1.t24"/>
	    </linkGrp>
	    <linkGrp corresp="#ssj1.1.1" type="MWE">
	      <link ana="mwe:IRV" target="#ssj1.1.1.t8 #ssj1.1.1.t9"/>
	    </linkGrp>
	    <linkGrp corresp="#ssj1.1.1" targFunc="head argument" type="SRL">
	      <link ana="srl:TIME" target="#ssj1.1.1.t6 #ssj1.1.1.t3"/>
	      <link ana="srl:QUANT" target="#ssj1.1.1.t6 #ssj1.1.1.t5"/>
	      <link ana="srl:TIME" target="#ssj1.1.1.t8 #ssj1.1.1.t11"/>
	      <link ana="srl:PAT" target="#ssj1.1.1.t23 #ssj1.1.1.t21"/>
	      <link ana="srl:ACT" target="#ssj1.1.1.t23 #ssj1.1.1.t22"/>
	      <link ana="srl:RESLT" target="#ssj1.1.1.t18 #ssj1.1.1.t23"/>
	    </linkGrp>
	  </s>
	  <s xml:id="ssj1.1.2">
	    <w ana="mte:Ncmsn" msd="UPosTag=NOUN|Case=Nom|Gender=Masc|Number=Sing" lemma="dogodek" xml:id="ssj1.1.2.t1">Dogodek</w>
	    <w ana="mte:Sl" msd="UPosTag=ADP|Case=Loc" lemma="v" xml:id="ssj1.1.2.t2">v</w>
	    <seg type="name" subtype="loc">
	      <w ana="mte:Npmsl" msd="UPosTag=PROPN|Case=Loc|Gender=Masc|Number=Sing" lemma="Ankaran" xml:id="ssj1.1.2.t3">Ankaranu</w>
            </seg>
	    <w ana="mte:Va-r3s-n" msd="UPosTag=AUX|Mood=Ind|Number=Sing|Person=3|Polarity=Pos|Tense=Pres|VerbForm=Fin" lemma="biti" xml:id="ssj1.1.2.t4">je</w>
	    <w ana="mte:Va-p-sf" msd="UPosTag=AUX|Gender=Fem|Number=Sing|VerbForm=Part" lemma="biti" xml:id="ssj1.1.2.t5">bila</w>
	    <w ana="mte:Agpfsn" msd="UPosTag=ADJ|Case=Nom|Degree=Pos|Gender=Fem|Number=Sing" lemma="dramatičen" xml:id="ssj1.1.2.t6">dramatična</w>
	    <w ana="mte:Ncfsn" msd="UPosTag=NOUN|Case=Nom|Gender=Fem|Number=Sing" lemma="nesreča" xml:id="ssj1.1.2.t7" join="right">nesreča</w>
	    <pc ana="mte:Z" msd="UPosTag=PUNCT" xml:id="ssj1.1.2.t8">.</pc>
	    <linkGrp corresp="#ssj1.1.2" targFunc="head argument" type="UD-SYN">
	      <link ana="ud-syn:root" target="#ssj1.1.2 #ssj1.1.2.t1"/>
	      <link ana="ud-syn:case" target="#ssj1.1.2.t3 #ssj1.1.2.t2"/>
	      <link ana="ud-syn:nmod" target="#ssj1.1.2.t1 #ssj1.1.2.t3"/>
	      <link ana="ud-syn:aux" target="#ssj1.1.2.t1 #ssj1.1.2.t4"/>
	      <link ana="ud-syn:cop" target="#ssj1.1.2.t1 #ssj1.1.2.t5"/>
	      <link ana="ud-syn:amod" target="#ssj1.1.2.t7 #ssj1.1.2.t6"/>
	      <link ana="ud-syn:nsubj" target="#ssj1.1.2.t1 #ssj1.1.2.t7"/>
	      <link ana="ud-syn:punct" target="#ssj1.1.2.t1 #ssj1.1.2.t8"/>
	    </linkGrp>
	    <linkGrp corresp="#ssj1.1.2" targFunc="head argument" type="JOS-SYN">
	      <link ana="jos-syn:Atr" target="#ssj1.1.2.t5 #ssj1.1.2.t1"/>
	      <link ana="jos-syn:Atr" target="#ssj1.1.2.t3 #ssj1.1.2.t2"/>
	      <link ana="jos-syn:Atr" target="#ssj1.1.2.t1 #ssj1.1.2.t3"/>
	      <link ana="jos-syn:PPart" target="#ssj1.1.2.t5 #ssj1.1.2.t4"/>
	      <link ana="jos-syn:Root" target="#ssj1.1.2 #ssj1.1.2.t5"/>
	      <link ana="jos-syn:Atr" target="#ssj1.1.2.t7 #ssj1.1.2.t6"/>
	      <link ana="jos-syn:Sb" target="#ssj1.1.2.t5 #ssj1.1.2.t7"/>
	      <link ana="jos-syn:Root" target="#ssj1.1.2 #ssj1.1.2.t8"/>
	    </linkGrp>
	    <linkGrp corresp="#ssj1.1.2" targFunc="head argument" type="SRL">
	      <link ana="srl:ACT" target="#ssj1.1.2.t5 #ssj1.1.2.t1"/>
	      <link ana="srl:PAT" target="#ssj1.1.2.t5 #ssj1.1.2.t7"/>
	    </linkGrp>
	  </s>
	  <s xml:id="ssj1.1.3">
	    <w ana="mte:Ncnsn" msd="UPosTag=NOUN|Case=Nom|Gender=Neut|Number=Sing" lemma="dekle" xml:id="ssj1.1.3.t1">Dekle</w>
	    <w ana="mte:Va-r3s-n" msd="UPosTag=AUX|Mood=Ind|Number=Sing|Person=3|Polarity=Pos|Tense=Pres|VerbForm=Fin" lemma="biti" xml:id="ssj1.1.3.t2">je</w>
	    <w ana="mte:Sl" msd="UPosTag=ADP|Case=Loc" lemma="ob" xml:id="ssj1.1.3.t3">ob</w>
	    <w ana="mte:Agpfsl" msd="UPosTag=ADJ|Case=Loc|Degree=Pos|Gender=Fem|Number=Sing" lemma="vzvraten" xml:id="ssj1.1.3.t4">vzvratni</w>
	    <w ana="mte:Ncfsl" msd="UPosTag=NOUN|Case=Loc|Gender=Fem|Number=Sing" lemma="vožnja" xml:id="ssj1.1.3.t5">vožnji</w>
	    <w ana="mte:Vmep-sn" msd="UPosTag=VERB|Aspect=Perf|Gender=Neut|Number=Sing|VerbForm=Part" lemma="začeti" xml:id="ssj1.1.3.t6">začelo</w>
	    <w ana="mte:Vmbn" msd="UPosTag=VERB|VerbForm=Inf" lemma="vpiti" xml:id="ssj1.1.3.t7" join="right">vpiti</w>
	    <pc ana="mte:Z" msd="UPosTag=PUNCT" xml:id="ssj1.1.3.t8">,</pc>
	    <w ana="mte:Cs" msd="UPosTag=SCONJ" lemma="da" xml:id="ssj1.1.3.t9">da</w>
	    <w ana="mte:Va-c" msd="UPosTag=AUX|Mood=Cnd|VerbForm=Fin" lemma="biti" xml:id="ssj1.1.3.t10">bi</w>
	    <w ana="mte:Pp3fsa--y" msd="UPosTag=PRON|Case=Acc|Gender=Fem|Number=Sing|Person=3|PronType=Prs|Variant=Short" lemma="on" xml:id="ssj1.1.3.t11">jo</w>
	    <w ana="mte:Vmep-sm" msd="UPosTag=VERB|Aspect=Perf|Gender=Masc|Number=Sing|VerbForm=Part" lemma="utišati" xml:id="ssj1.1.3.t12" join="right">utišal</w>
	    <pc ana="mte:Z" msd="UPosTag=PUNCT" xml:id="ssj1.1.3.t13">,</pc>
	    <w ana="mte:Va-r1s-n" msd="UPosTag=AUX|Mood=Ind|Number=Sing|Person=1|Polarity=Pos|Tense=Pres|VerbForm=Fin" lemma="biti" xml:id="ssj1.1.3.t14">sem</w>
	    <w ana="mte:Vmep-sm" msd="UPosTag=VERB|Aspect=Perf|Gender=Masc|Number=Sing|VerbForm=Part" lemma="prijeti" xml:id="ssj1.1.3.t15">prijel</w>
	    <w ana="mte:Ncmsan" msd="UPosTag=NOUN|Animacy=Inan|Case=Acc|Gender=Masc|Number=Sing" lemma="nož" xml:id="ssj1.1.3.t16" join="right">nož</w>
	    <pc ana="mte:Z" msd="UPosTag=PUNCT" xml:id="ssj1.1.3.t17">.</pc>
	    <linkGrp corresp="#ssj1.1.3" targFunc="head argument" type="UD-SYN">
	      <link ana="ud-syn:nsubj" target="#ssj1.1.3.t6 #ssj1.1.3.t1"/>
	      <link ana="ud-syn:aux" target="#ssj1.1.3.t6 #ssj1.1.3.t2"/>
	      <link ana="ud-syn:case" target="#ssj1.1.3.t5 #ssj1.1.3.t3"/>
	      <link ana="ud-syn:amod" target="#ssj1.1.3.t5 #ssj1.1.3.t4"/>
	      <link ana="ud-syn:obl" target="#ssj1.1.3.t7 #ssj1.1.3.t5"/>
	      <link ana="ud-syn:root" target="#ssj1.1.3 #ssj1.1.3.t6"/>
	      <link ana="ud-syn:xcomp" target="#ssj1.1.3.t6 #ssj1.1.3.t7"/>
	      <link ana="ud-syn:punct" target="#ssj1.1.3.t12 #ssj1.1.3.t8"/>
	      <link ana="ud-syn:mark" target="#ssj1.1.3.t12 #ssj1.1.3.t9"/>
	      <link ana="ud-syn:aux" target="#ssj1.1.3.t12 #ssj1.1.3.t10"/>
	      <link ana="ud-syn:obj" target="#ssj1.1.3.t12 #ssj1.1.3.t11"/>
	      <link ana="ud-syn:advcl" target="#ssj1.1.3.t15 #ssj1.1.3.t12"/>
	      <link ana="ud-syn:punct" target="#ssj1.1.3.t12 #ssj1.1.3.t13"/>
	      <link ana="ud-syn:aux" target="#ssj1.1.3.t15 #ssj1.1.3.t14"/>
	      <link ana="ud-syn:parataxis" target="#ssj1.1.3.t6 #ssj1.1.3.t15"/>
	      <link ana="ud-syn:obj" target="#ssj1.1.3.t15 #ssj1.1.3.t16"/>
	      <link ana="ud-syn:punct" target="#ssj1.1.3.t6 #ssj1.1.3.t17"/>
	    </linkGrp>
	    <linkGrp corresp="#ssj1.1.3" targFunc="head argument" type="JOS-SYN">
	      <link ana="jos-syn:Sb" target="#ssj1.1.3.t7 #ssj1.1.3.t1"/>
	      <link ana="jos-syn:PPart" target="#ssj1.1.3.t6 #ssj1.1.3.t2"/>
	      <link ana="jos-syn:Atr" target="#ssj1.1.3.t5 #ssj1.1.3.t3"/>
	      <link ana="jos-syn:Atr" target="#ssj1.1.3.t5 #ssj1.1.3.t4"/>
	      <link ana="jos-syn:AdvO" target="#ssj1.1.3.t7 #ssj1.1.3.t5"/>
	      <link ana="jos-syn:Root" target="#ssj1.1.3 #ssj1.1.3.t6"/>
	      <link ana="jos-syn:Atr" target="#ssj1.1.3.t6 #ssj1.1.3.t7"/>
	      <link ana="jos-syn:Root" target="#ssj1.1.3 #ssj1.1.3.t8"/>
	      <link ana="jos-syn:Conj" target="#ssj1.1.3.t12 #ssj1.1.3.t9"/>
	      <link ana="jos-syn:PPart" target="#ssj1.1.3.t12 #ssj1.1.3.t10"/>
	      <link ana="jos-syn:Obj" target="#ssj1.1.3.t12 #ssj1.1.3.t11"/>
	      <link ana="jos-syn:AdvO" target="#ssj1.1.3.t15 #ssj1.1.3.t12"/>
	      <link ana="jos-syn:Root" target="#ssj1.1.3 #ssj1.1.3.t13"/>
	      <link ana="jos-syn:PPart" target="#ssj1.1.3.t15 #ssj1.1.3.t14"/>
	      <link ana="jos-syn:Root" target="#ssj1.1.3 #ssj1.1.3.t15"/>
	      <link ana="jos-syn:Obj" target="#ssj1.1.3.t15 #ssj1.1.3.t16"/>
	      <link ana="jos-syn:Root" target="#ssj1.1.3 #ssj1.1.3.t17"/>
	    </linkGrp>
	    <linkGrp corresp="#ssj1.1.3" targFunc="head argument" type="SRL">
	      <link ana="srl:ACT" target="#ssj1.1.3.t7 #ssj1.1.3.t1"/>
	      <link ana="srl:CAUSE" target="#ssj1.1.3.t7 #ssj1.1.3.t5"/>
	      <link ana="srl:MWPRED" target="#ssj1.1.3.t6 #ssj1.1.3.t7"/>
	      <link ana="srl:PAT" target="#ssj1.1.3.t12 #ssj1.1.3.t11"/>
	      <link ana="srl:AIM" target="#ssj1.1.3.t15 #ssj1.1.3.t12"/>
	      <link ana="srl:PAT" target="#ssj1.1.3.t15 #ssj1.1.3.t16"/>
	    </linkGrp>
	  </s>
	  <s xml:id="ssj1.1.4">
	    <w ana="mte:Vmep-sn" msd="UPosTag=VERB|Aspect=Perf|Gender=Neut|Number=Sing|VerbForm=Part" lemma="priti" xml:id="ssj1.1.4.t1">Prišlo</w>
	    <w ana="mte:Va-r3s-n" msd="UPosTag=AUX|Mood=Ind|Number=Sing|Person=3|Polarity=Pos|Tense=Pres|VerbForm=Fin" lemma="biti" xml:id="ssj1.1.4.t2">je</w>
	    <w ana="mte:Sg" msd="UPosTag=ADP|Case=Gen" lemma="do" xml:id="ssj1.1.4.t3">do</w>
	    <w ana="mte:Ncnsg" msd="UPosTag=NOUN|Case=Gen|Gender=Neut|Number=Sing" lemma="prerivanje" xml:id="ssj1.1.4.t4">prerivanja</w>
	    <w ana="mte:Cc" msd="UPosTag=CCONJ" lemma="in" xml:id="ssj1.1.4.t5">in</w>
	    <w ana="mte:Vmep-sf" msd="UPosTag=VERB|Aspect=Perf|Gender=Fem|Number=Sing|VerbForm=Part" lemma="umreti" xml:id="ssj1.1.4.t6">umrla</w>
	    <w ana="mte:Va-r3s-n" msd="UPosTag=AUX|Mood=Ind|Number=Sing|Person=3|Polarity=Pos|Tense=Pres|VerbForm=Fin" lemma="biti" xml:id="ssj1.1.4.t7" join="right">je</w>
	    <pc ana="mte:Z" msd="UPosTag=PUNCT" xml:id="ssj1.1.4.t8">.</pc>
	    <linkGrp corresp="#ssj1.1.4" targFunc="head argument" type="UD-SYN">
	      <link ana="ud-syn:root" target="#ssj1.1.4 #ssj1.1.4.t1"/>
	      <link ana="ud-syn:aux" target="#ssj1.1.4.t1 #ssj1.1.4.t2"/>
	      <link ana="ud-syn:case" target="#ssj1.1.4.t4 #ssj1.1.4.t3"/>
	      <link ana="ud-syn:obl" target="#ssj1.1.4.t1 #ssj1.1.4.t4"/>
	      <link ana="ud-syn:cc" target="#ssj1.1.4.t6 #ssj1.1.4.t5"/>
	      <link ana="ud-syn:conj" target="#ssj1.1.4.t1 #ssj1.1.4.t6"/>
	      <link ana="ud-syn:aux" target="#ssj1.1.4.t6 #ssj1.1.4.t7"/>
	      <link ana="ud-syn:punct" target="#ssj1.1.4.t1 #ssj1.1.4.t8"/>
	    </linkGrp>
	    <linkGrp corresp="#ssj1.1.4" targFunc="head argument" type="JOS-SYN">
	      <link ana="jos-syn:Root" target="#ssj1.1.4 #ssj1.1.4.t1"/>
	      <link ana="jos-syn:PPart" target="#ssj1.1.4.t1 #ssj1.1.4.t2"/>
	      <link ana="jos-syn:Atr" target="#ssj1.1.4.t4 #ssj1.1.4.t3"/>
	      <link ana="jos-syn:Obj" target="#ssj1.1.4.t1 #ssj1.1.4.t4"/>
	      <link ana="jos-syn:Conj" target="#ssj1.1.4.t6 #ssj1.1.4.t5"/>
	      <link ana="jos-syn:Root" target="#ssj1.1.4 #ssj1.1.4.t6"/>
	      <link ana="jos-syn:PPart" target="#ssj1.1.4.t6 #ssj1.1.4.t7"/>
	      <link ana="jos-syn:Root" target="#ssj1.1.4 #ssj1.1.4.t8"/>
	    </linkGrp>
	    <linkGrp corresp="#ssj1.1.4" type="MWE">
	      <link ana="mwe:IAV" target="#ssj1.1.4.t1 #ssj1.1.4.t3"/>
	    </linkGrp>
	    <linkGrp corresp="#ssj1.1.4" targFunc="head argument" type="SRL">
	      <link ana="srl:RESLT" target="#ssj1.1.4.t1 #ssj1.1.4.t4"/>
	    </linkGrp>
	  </s>
	  <s xml:id="ssj1.1.5">
	    <w ana="mte:Pd-nsg" msd="UPosTag=DET|Case=Gen|Gender=Neut|Number=Sing|PronType=Dem" lemma="ta" xml:id="ssj1.1.5.t1">Tega</w>
	    <w ana="mte:Px------y" msd="UPosTag=PRON|PronType=Prs|Reflex=Yes|Variant=Short" lemma="se" xml:id="ssj1.1.5.t2">se</w>
	    <w ana="mte:Q" msd="UPosTag=PART" lemma="sploh" xml:id="ssj1.1.5.t3">sploh</w>
	    <w ana="mte:Va-r1s-y" msd="UPosTag=AUX|Mood=Ind|Number=Sing|Person=1|Polarity=Neg|Tense=Pres|VerbForm=Fin" lemma="biti" xml:id="ssj1.1.5.t4">nisem</w>
	    <w ana="mte:Vmep-sm" msd="UPosTag=VERB|Aspect=Perf|Gender=Masc|Number=Sing|VerbForm=Part" lemma="zavesti" xml:id="ssj1.1.5.t5" join="right">zavedel</w>
	    <pc ana="mte:Z" msd="UPosTag=PUNCT" xml:id="ssj1.1.5.t6">.</pc>
	    <linkGrp corresp="#ssj1.1.5" targFunc="head argument" type="UD-SYN">
	      <link ana="ud-syn:obj" target="#ssj1.1.5.t5 #ssj1.1.5.t1"/>
	      <link ana="ud-syn:expl" target="#ssj1.1.5.t5 #ssj1.1.5.t2"/>
	      <link ana="ud-syn:advmod" target="#ssj1.1.5.t5 #ssj1.1.5.t3"/>
	      <link ana="ud-syn:aux" target="#ssj1.1.5.t5 #ssj1.1.5.t4"/>
	      <link ana="ud-syn:root" target="#ssj1.1.5 #ssj1.1.5.t5"/>
	      <link ana="ud-syn:punct" target="#ssj1.1.5.t5 #ssj1.1.5.t6"/>
	    </linkGrp>
	    <linkGrp corresp="#ssj1.1.5" targFunc="head argument" type="JOS-SYN">
	      <link ana="jos-syn:Obj" target="#ssj1.1.5.t5 #ssj1.1.5.t1"/>
	      <link ana="jos-syn:PPart" target="#ssj1.1.5.t5 #ssj1.1.5.t2"/>
	      <link ana="jos-syn:Root" target="#ssj1.1.5 #ssj1.1.5.t3"/>
	      <link ana="jos-syn:PPart" target="#ssj1.1.5.t5 #ssj1.1.5.t4"/>
	      <link ana="jos-syn:Root" target="#ssj1.1.5 #ssj1.1.5.t5"/>
	      <link ana="jos-syn:Root" target="#ssj1.1.5 #ssj1.1.5.t6"/>
	    </linkGrp>
	    <linkGrp corresp="#ssj1.1.5" type="MWE">
	      <link ana="mwe:IRV" target="#ssj1.1.5.t2 #ssj1.1.5.t5"/>
	    </linkGrp>
	    <linkGrp corresp="#ssj1.1.5" targFunc="head argument" type="SRL">
	      <link ana="srl:PAT" target="#ssj1.1.5.t5 #ssj1.1.5.t1"/>
	    </linkGrp>
	  </s>
	  <s xml:id="ssj1.1.6">
	    <w ana="mte:Pq-nsn" msd="UPosTag=PRON|Case=Nom|Gender=Neut|Number=Sing|PronType=Int" lemma="kaj" xml:id="ssj1.1.6.t1">Kaj</w>
	    <w ana="mte:Px------y" msd="UPosTag=PRON|PronType=Prs|Reflex=Yes|Variant=Short" lemma="se" xml:id="ssj1.1.6.t2">se</w>
	    <w ana="mte:Va-r3s-n" msd="UPosTag=AUX|Mood=Ind|Number=Sing|Person=3|Polarity=Pos|Tense=Pres|VerbForm=Fin" lemma="biti" xml:id="ssj1.1.6.t3">je</w>
	    <w ana="mte:Vmep-sn" msd="UPosTag=VERB|Aspect=Perf|Gender=Neut|Number=Sing|VerbForm=Part" lemma="zgoditi" xml:id="ssj1.1.6.t4" join="right">zgodilo</w>
	    <pc ana="mte:Z" msd="UPosTag=PUNCT" xml:id="ssj1.1.6.t5">,</pc>
	    <w ana="mte:Va-r1s-n" msd="UPosTag=AUX|Mood=Ind|Number=Sing|Person=1|Polarity=Pos|Tense=Pres|VerbForm=Fin" lemma="biti" xml:id="ssj1.1.6.t6">sem</w>
	    <w ana="mte:Vmep-sm" msd="UPosTag=VERB|Aspect=Perf|Gender=Masc|Number=Sing|VerbForm=Part" lemma="izvedeti" xml:id="ssj1.1.6.t7">izvedel</w>
	    <w ana="mte:Q" msd="UPosTag=PART" lemma="šele" xml:id="ssj1.1.6.t8">šele</w>
	    <w ana="mte:Agpmsg" msd="UPosTag=ADJ|Case=Gen|Degree=Pos|Gender=Masc|Number=Sing" lemma="naslednji" xml:id="ssj1.1.6.t9">naslednjega</w>
	    <w ana="mte:Ncmsg" msd="UPosTag=NOUN|Case=Gen|Gender=Masc|Number=Sing" lemma="dan" xml:id="ssj1.1.6.t10">dne</w>
	    <w ana="mte:Sg" msd="UPosTag=ADP|Case=Gen" lemma="iz" xml:id="ssj1.1.6.t11">iz</w>
	    <w ana="mte:Ncnsg" msd="UPosTag=NOUN|Case=Gen|Gender=Neut|Number=Sing" lemma="časopisje" xml:id="ssj1.1.6.t12" join="right">časopisja</w>
	    <pc ana="mte:Z" msd="UPosTag=PUNCT" xml:id="ssj1.1.6.t13" join="right">,</pc>
	    <pc ana="mte:Z" msd="UPosTag=PUNCT" xml:id="ssj1.1.6.t14">"</pc>
	    <w ana="mte:Va-r3s-n" msd="UPosTag=AUX|Mood=Ind|Number=Sing|Person=3|Polarity=Pos|Tense=Pres|VerbForm=Fin" lemma="biti" xml:id="ssj1.1.6.t15">je</w>
	    <w ana="mte:Sa" msd="UPosTag=ADP|Case=Acc" lemma="v" xml:id="ssj1.1.6.t16">v</w>
	    <w ana="mte:Ncmsan" msd="UPosTag=NOUN|Animacy=Inan|Case=Acc|Gender=Masc|Number=Sing" lemma="intervju" xml:id="ssj1.1.6.t17">intervju</w>
	    <w ana="mte:Sa" msd="UPosTag=ADP|Case=Acc" lemma="za" xml:id="ssj1.1.6.t18">za</w>
	    <seg type="name" subtype="org">
	      <w ana="mte:Npfsa" msd="UPosTag=PROPN|Case=Acc|Gender=Fem|Number=Sing" lemma="Stampa" xml:id="ssj1.1.6.t19">Stampo</w>
            </seg>
	    <w ana="mte:Sg" msd="UPosTag=ADP|Case=Gen" lemma="iz" xml:id="ssj1.1.6.t20">iz</w>
	    <seg type="name" subtype="loc">
	      <w ana="mte:Npmsg" msd="UPosTag=PROPN|Case=Gen|Gender=Masc|Number=Sing" lemma="Torino" xml:id="ssj1.1.6.t21">Torina</w>
            </seg>
	    <w ana="mte:Vmep-sm" msd="UPosTag=VERB|Aspect=Perf|Gender=Masc|Number=Sing|VerbForm=Part" lemma="izjaviti" xml:id="ssj1.1.6.t22">izjavil</w>
	    <w ana="mte:Ncmsn" msd="UPosTag=NOUN|Case=Nom|Gender=Masc|Number=Sing" lemma="morilec" xml:id="ssj1.1.6.t23" join="right">morilec</w>
	    <pc ana="mte:Z" msd="UPosTag=PUNCT" xml:id="ssj1.1.6.t24">.</pc>
	    <linkGrp corresp="#ssj1.1.6" targFunc="head argument" type="UD-SYN">
	      <link ana="ud-syn:nsubj" target="#ssj1.1.6.t4 #ssj1.1.6.t1"/>
	      <link ana="ud-syn:expl" target="#ssj1.1.6.t4 #ssj1.1.6.t2"/>
	      <link ana="ud-syn:aux" target="#ssj1.1.6.t4 #ssj1.1.6.t3"/>
	      <link ana="ud-syn:ccomp" target="#ssj1.1.6.t7 #ssj1.1.6.t4"/>
	      <link ana="ud-syn:punct" target="#ssj1.1.6.t4 #ssj1.1.6.t5"/>
	      <link ana="ud-syn:aux" target="#ssj1.1.6.t7 #ssj1.1.6.t6"/>
	      <link ana="ud-syn:root" target="#ssj1.1.6 #ssj1.1.6.t7"/>
	      <link ana="ud-syn:advmod" target="#ssj1.1.6.t10 #ssj1.1.6.t8"/>
	      <link ana="ud-syn:amod" target="#ssj1.1.6.t10 #ssj1.1.6.t9"/>
	      <link ana="ud-syn:obl" target="#ssj1.1.6.t7 #ssj1.1.6.t10"/>
	      <link ana="ud-syn:case" target="#ssj1.1.6.t12 #ssj1.1.6.t11"/>
	      <link ana="ud-syn:obl" target="#ssj1.1.6.t7 #ssj1.1.6.t12"/>
	      <link ana="ud-syn:punct" target="#ssj1.1.6.t7 #ssj1.1.6.t13"/>
	      <link ana="ud-syn:punct" target="#ssj1.1.6.t7 #ssj1.1.6.t14"/>
	      <link ana="ud-syn:aux" target="#ssj1.1.6.t22 #ssj1.1.6.t15"/>
	      <link ana="ud-syn:case" target="#ssj1.1.6.t17 #ssj1.1.6.t16"/>
	      <link ana="ud-syn:obl" target="#ssj1.1.6.t22 #ssj1.1.6.t17"/>
	      <link ana="ud-syn:case" target="#ssj1.1.6.t19 #ssj1.1.6.t18"/>
	      <link ana="ud-syn:nmod" target="#ssj1.1.6.t17 #ssj1.1.6.t19"/>
	      <link ana="ud-syn:case" target="#ssj1.1.6.t21 #ssj1.1.6.t20"/>
	      <link ana="ud-syn:nmod" target="#ssj1.1.6.t19 #ssj1.1.6.t21"/>
	      <link ana="ud-syn:parataxis" target="#ssj1.1.6.t7 #ssj1.1.6.t22"/>
	      <link ana="ud-syn:nsubj" target="#ssj1.1.6.t22 #ssj1.1.6.t23"/>
	      <link ana="ud-syn:punct" target="#ssj1.1.6.t7 #ssj1.1.6.t24"/>
	    </linkGrp>
	    <linkGrp corresp="#ssj1.1.6" targFunc="head argument" type="JOS-SYN">
	      <link ana="jos-syn:Conj" target="#ssj1.1.6.t4 #ssj1.1.6.t1"/>
	      <link ana="jos-syn:PPart" target="#ssj1.1.6.t4 #ssj1.1.6.t2"/>
	      <link ana="jos-syn:PPart" target="#ssj1.1.6.t4 #ssj1.1.6.t3"/>
	      <link ana="jos-syn:Obj" target="#ssj1.1.6.t7 #ssj1.1.6.t4"/>
	      <link ana="jos-syn:Root" target="#ssj1.1.6 #ssj1.1.6.t5"/>
	      <link ana="jos-syn:PPart" target="#ssj1.1.6.t7 #ssj1.1.6.t6"/>
	      <link ana="jos-syn:Root" target="#ssj1.1.6 #ssj1.1.6.t7"/>
	      <link ana="jos-syn:Atr" target="#ssj1.1.6.t10 #ssj1.1.6.t8"/>
	      <link ana="jos-syn:Atr" target="#ssj1.1.6.t10 #ssj1.1.6.t9"/>
	      <link ana="jos-syn:AdvO" target="#ssj1.1.6.t7 #ssj1.1.6.t10"/>
	      <link ana="jos-syn:Atr" target="#ssj1.1.6.t12 #ssj1.1.6.t11"/>
	      <link ana="jos-syn:AdvO" target="#ssj1.1.6.t7 #ssj1.1.6.t12"/>
	      <link ana="jos-syn:Root" target="#ssj1.1.6 #ssj1.1.6.t13"/>
	      <link ana="jos-syn:Root" target="#ssj1.1.6 #ssj1.1.6.t14"/>
	      <link ana="jos-syn:PPart" target="#ssj1.1.6.t22 #ssj1.1.6.t15"/>
	      <link ana="jos-syn:Atr" target="#ssj1.1.6.t17 #ssj1.1.6.t16"/>
	      <link ana="jos-syn:AdvO" target="#ssj1.1.6.t22 #ssj1.1.6.t17"/>
	      <link ana="jos-syn:Atr" target="#ssj1.1.6.t19 #ssj1.1.6.t18"/>
	      <link ana="jos-syn:Atr" target="#ssj1.1.6.t17 #ssj1.1.6.t19"/>
	      <link ana="jos-syn:Atr" target="#ssj1.1.6.t21 #ssj1.1.6.t20"/>
	      <link ana="jos-syn:Atr" target="#ssj1.1.6.t19 #ssj1.1.6.t21"/>
	      <link ana="jos-syn:Root" target="#ssj1.1.6 #ssj1.1.6.t22"/>
	      <link ana="jos-syn:Sb" target="#ssj1.1.6.t22 #ssj1.1.6.t23"/>
	      <link ana="jos-syn:Root" target="#ssj1.1.6 #ssj1.1.6.t24"/>
	    </linkGrp>
	    <linkGrp corresp="#ssj1.1.6" type="MWE">
	      <link ana="mwe:IRV" target="#ssj1.1.6.t2 #ssj1.1.6.t4"/>
	    </linkGrp>
	    <linkGrp corresp="#ssj1.1.6" targFunc="head argument" type="SRL">
	      <link ana="srl:RESLT" target="#ssj1.1.6.t7 #ssj1.1.6.t4"/>
	      <link ana="srl:PAT" target="#ssj1.1.6.t22 #ssj1.1.6.t7"/>
	      <link ana="srl:TIME" target="#ssj1.1.6.t7 #ssj1.1.6.t10"/>
	      <link ana="srl:ORIG" target="#ssj1.1.6.t7 #ssj1.1.6.t12"/>
	      <link ana="srl:ORIG" target="#ssj1.1.6.t22 #ssj1.1.6.t17"/>
	      <link ana="srl:ACT" target="#ssj1.1.6.t22 #ssj1.1.6.t23"/>
	    </linkGrp>
	  </s>
	  <s xml:id="ssj1.1.7">
	    <w ana="mte:Ncfpn" msd="UPosTag=NOUN|Case=Nom|Gender=Fem|Number=Plur" lemma="preiskava" xml:id="ssj1.1.7.t1">Preiskave</w>
	    <w ana="mte:Si" msd="UPosTag=ADP|Case=Ins" lemma="med" xml:id="ssj1.1.7.t2">med</w>
	    <w ana="mte:Agpmsi" msd="UPosTag=ADJ|Case=Ins|Degree=Pos|Gender=Masc|Number=Sing" lemma="soden" xml:id="ssj1.1.7.t3">sodnim</w>
	    <w ana="mte:Ncmsi" msd="UPosTag=NOUN|Case=Ins|Gender=Masc|Number=Sing" lemma="postopek" xml:id="ssj1.1.7.t4">postopkom</w>
	    <w ana="mte:Va-r3p-n" msd="UPosTag=AUX|Mood=Ind|Number=Plur|Person=3|Polarity=Pos|Tense=Pres|VerbForm=Fin" lemma="biti" xml:id="ssj1.1.7.t5">so</w>
	    <w ana="mte:Vmep-pf" msd="UPosTag=VERB|Aspect=Perf|Gender=Fem|Number=Plur|VerbForm=Part" lemma="pokazati" xml:id="ssj1.1.7.t6" join="right">pokazale</w>
	    <pc ana="mte:Z" msd="UPosTag=PUNCT" xml:id="ssj1.1.7.t7">,</pc>
	    <w ana="mte:Cs" msd="UPosTag=SCONJ" lemma="da" xml:id="ssj1.1.7.t8">da</w>
	    <w ana="mte:Va-r3p-n" msd="UPosTag=AUX|Mood=Ind|Number=Plur|Person=3|Polarity=Pos|Tense=Pres|VerbForm=Fin" lemma="biti" xml:id="ssj1.1.7.t9">so</w>
	    <w ana="mte:Px------y" msd="UPosTag=PRON|PronType=Prs|Reflex=Yes|Variant=Short" lemma="se" xml:id="ssj1.1.7.t10">se</w>
	    <w ana="mte:Ncmpn" msd="UPosTag=NOUN|Case=Nom|Gender=Masc|Number=Plur" lemma="dogodek" xml:id="ssj1.1.7.t11">dogodki</w>
	    <w ana="mte:Vmpp-pm" msd="UPosTag=VERB|Aspect=Imp|Gender=Masc|Number=Plur|VerbForm=Part" lemma="odvijati" xml:id="ssj1.1.7.t12">odvijali</w>
	    <w ana="mte:Rgp" msd="UPosTag=ADV|Degree=Pos" lemma="bistveno" xml:id="ssj1.1.7.t13">bistveno</w>
	    <w ana="mte:Rgp" msd="UPosTag=ADV|Degree=Pos" lemma="drugače" xml:id="ssj1.1.7.t14" join="right">drugače</w>
	    <pc ana="mte:Z" msd="UPosTag=PUNCT" xml:id="ssj1.1.7.t15">.</pc>
	    <linkGrp corresp="#ssj1.1.7" targFunc="head argument" type="UD-SYN">
	      <link ana="ud-syn:nsubj" target="#ssj1.1.7.t6 #ssj1.1.7.t1"/>
	      <link ana="ud-syn:case" target="#ssj1.1.7.t4 #ssj1.1.7.t2"/>
	      <link ana="ud-syn:amod" target="#ssj1.1.7.t4 #ssj1.1.7.t3"/>
	      <link ana="ud-syn:nmod" target="#ssj1.1.7.t1 #ssj1.1.7.t4"/>
	      <link ana="ud-syn:aux" target="#ssj1.1.7.t6 #ssj1.1.7.t5"/>
	      <link ana="ud-syn:root" target="#ssj1.1.7 #ssj1.1.7.t6"/>
	      <link ana="ud-syn:punct" target="#ssj1.1.7.t12 #ssj1.1.7.t7"/>
	      <link ana="ud-syn:mark" target="#ssj1.1.7.t12 #ssj1.1.7.t8"/>
	      <link ana="ud-syn:aux" target="#ssj1.1.7.t12 #ssj1.1.7.t9"/>
	      <link ana="ud-syn:expl" target="#ssj1.1.7.t12 #ssj1.1.7.t10"/>
	      <link ana="ud-syn:nsubj" target="#ssj1.1.7.t12 #ssj1.1.7.t11"/>
	      <link ana="ud-syn:ccomp" target="#ssj1.1.7.t6 #ssj1.1.7.t12"/>
	      <link ana="ud-syn:advmod" target="#ssj1.1.7.t14 #ssj1.1.7.t13"/>
	      <link ana="ud-syn:advmod" target="#ssj1.1.7.t12 #ssj1.1.7.t14"/>
	      <link ana="ud-syn:punct" target="#ssj1.1.7.t6 #ssj1.1.7.t15"/>
	    </linkGrp>
	    <linkGrp corresp="#ssj1.1.7" targFunc="head argument" type="JOS-SYN">
	      <link ana="jos-syn:Sb" target="#ssj1.1.7.t6 #ssj1.1.7.t1"/>
	      <link ana="jos-syn:Atr" target="#ssj1.1.7.t4 #ssj1.1.7.t2"/>
	      <link ana="jos-syn:Atr" target="#ssj1.1.7.t4 #ssj1.1.7.t3"/>
	      <link ana="jos-syn:Atr" target="#ssj1.1.7.t1 #ssj1.1.7.t4"/>
	      <link ana="jos-syn:PPart" target="#ssj1.1.7.t6 #ssj1.1.7.t5"/>
	      <link ana="jos-syn:Root" target="#ssj1.1.7 #ssj1.1.7.t6"/>
	      <link ana="jos-syn:Root" target="#ssj1.1.7 #ssj1.1.7.t7"/>
	      <link ana="jos-syn:Conj" target="#ssj1.1.7.t12 #ssj1.1.7.t8"/>
	      <link ana="jos-syn:PPart" target="#ssj1.1.7.t12 #ssj1.1.7.t9"/>
	      <link ana="jos-syn:PPart" target="#ssj1.1.7.t12 #ssj1.1.7.t10"/>
	      <link ana="jos-syn:Sb" target="#ssj1.1.7.t12 #ssj1.1.7.t11"/>
	      <link ana="jos-syn:Obj" target="#ssj1.1.7.t6 #ssj1.1.7.t12"/>
	      <link ana="jos-syn:Atr" target="#ssj1.1.7.t14 #ssj1.1.7.t13"/>
	      <link ana="jos-syn:AdvM" target="#ssj1.1.7.t12 #ssj1.1.7.t14"/>
	      <link ana="jos-syn:Root" target="#ssj1.1.7 #ssj1.1.7.t15"/>
	    </linkGrp>
	    <linkGrp corresp="#ssj1.1.7" type="MWE">
	      <link ana="mwe:IRV" target="#ssj1.1.7.t10 #ssj1.1.7.t12"/>
	    </linkGrp>
	    <linkGrp corresp="#ssj1.1.7" targFunc="head argument" type="SRL">
	      <link ana="srl:ACT" target="#ssj1.1.7.t6 #ssj1.1.7.t1"/>
	      <link ana="srl:ACT" target="#ssj1.1.7.t12 #ssj1.1.7.t11"/>
	      <link ana="srl:PAT" target="#ssj1.1.7.t6 #ssj1.1.7.t12"/>
	      <link ana="srl:MANN" target="#ssj1.1.7.t12 #ssj1.1.7.t14"/>
	    </linkGrp>
	  </s>
	  <s xml:id="ssj1.1.8">
	    <w ana="mte:Ncmpn" msd="UPosTag=NOUN|Case=Nom|Gender=Masc|Number=Plur" lemma="dogodek" xml:id="ssj1.1.8.t1">Dogodki</w>
	    <w ana="mte:Sl" msd="UPosTag=ADP|Case=Loc" lemma="v" xml:id="ssj1.1.8.t2">v</w>
	    <w ana="mte:Agpmpl" msd="UPosTag=ADJ|Case=Loc|Degree=Pos|Gender=Masc|Number=Plur" lemma="prihodnji" xml:id="ssj1.1.8.t3">prihodnjih</w>
	    <w ana="mte:Ncmpl" msd="UPosTag=NOUN|Case=Loc|Gender=Masc|Number=Plur" lemma="mesec" xml:id="ssj1.1.8.t4">mesecih</w>
	    <w ana="mte:Cc" msd="UPosTag=CCONJ" lemma="pa" xml:id="ssj1.1.8.t5">pa</w>
	    <w ana="mte:Va-f3p-n" msd="UPosTag=AUX|Mood=Ind|Number=Plur|Person=3|Polarity=Pos|Tense=Fut|VerbForm=Fin" lemma="biti" xml:id="ssj1.1.8.t6">bodo</w>
	    <w ana="mte:Vmep-pm" msd="UPosTag=VERB|Aspect=Perf|Gender=Masc|Number=Plur|VerbForm=Part" lemma="pokazati" xml:id="ssj1.1.8.t7" join="right">pokazali</w>
	    <pc ana="mte:Z" msd="UPosTag=PUNCT" xml:id="ssj1.1.8.t8">,</pc>
	    <w ana="mte:Rgp" msd="UPosTag=ADV|Degree=Pos" lemma="ali" xml:id="ssj1.1.8.t9">ali</w>
	    <w ana="mte:Va-f3s-n" msd="UPosTag=AUX|Mood=Ind|Number=Sing|Person=3|Polarity=Pos|Tense=Fut|VerbForm=Fin" lemma="biti" xml:id="ssj1.1.8.t10">bo</w>
	    <w ana="mte:Ncmsd" msd="UPosTag=NOUN|Case=Dat|Gender=Masc|Number=Sing" lemma="morilec" xml:id="ssj1.1.8.t11">morilcu</w>
	    <w ana="mte:Sg" msd="UPosTag=ADP|Case=Gen" lemma="iz" xml:id="ssj1.1.8.t12">iz</w>
	    <seg type="name" subtype="loc">
	      <w ana="mte:Npmsg" msd="UPosTag=PROPN|Case=Gen|Gender=Masc|Number=Sing" lemma="Ankaran" xml:id="ssj1.1.8.t13">Ankarana</w>
            </seg>
	    <w ana="mte:Rgp" msd="UPosTag=ADV|Degree=Pos" lemma="tokrat" xml:id="ssj1.1.8.t14">tokrat</w>
	    <w ana="mte:Vmep-sn" msd="UPosTag=VERB|Aspect=Perf|Gender=Neut|Number=Sing|VerbForm=Part" lemma="uspeti" xml:id="ssj1.1.8.t15">uspelo</w>
	    <w ana="mte:Vmen" msd="UPosTag=VERB|Aspect=Perf|VerbForm=Inf" lemma="prepričati" xml:id="ssj1.1.8.t16">prepričati</w>
	    <w ana="mte:Agpfpa" msd="UPosTag=ADJ|Case=Acc|Degree=Pos|Gender=Fem|Number=Plur" lemma="italijanski" xml:id="ssj1.1.8.t17">italijanske</w>
	    <w ana="mte:Agpfpa" msd="UPosTag=ADJ|Case=Acc|Degree=Pos|Gender=Fem|Number=Plur" lemma="pravosoden" xml:id="ssj1.1.8.t18">pravosodne</w>
	    <w ana="mte:Ncfpa" msd="UPosTag=NOUN|Case=Acc|Gender=Fem|Number=Plur" lemma="oblast" xml:id="ssj1.1.8.t19" join="right">oblasti</w>
	    <pc ana="mte:Z" msd="UPosTag=PUNCT" xml:id="ssj1.1.8.t20">.</pc>
	    <linkGrp corresp="#ssj1.1.8" targFunc="head argument" type="UD-SYN">
	      <link ana="ud-syn:nsubj" target="#ssj1.1.8.t7 #ssj1.1.8.t1"/>
	      <link ana="ud-syn:case" target="#ssj1.1.8.t4 #ssj1.1.8.t2"/>
	      <link ana="ud-syn:amod" target="#ssj1.1.8.t4 #ssj1.1.8.t3"/>
	      <link ana="ud-syn:nmod" target="#ssj1.1.8.t1 #ssj1.1.8.t4"/>
	      <link ana="ud-syn:advmod" target="#ssj1.1.8.t7 #ssj1.1.8.t5"/>
	      <link ana="ud-syn:aux" target="#ssj1.1.8.t7 #ssj1.1.8.t6"/>
	      <link ana="ud-syn:root" target="#ssj1.1.8 #ssj1.1.8.t7"/>
	      <link ana="ud-syn:punct" target="#ssj1.1.8.t15 #ssj1.1.8.t8"/>
	      <link ana="ud-syn:mark" target="#ssj1.1.8.t15 #ssj1.1.8.t9"/>
	      <link ana="ud-syn:aux" target="#ssj1.1.8.t15 #ssj1.1.8.t10"/>
	      <link ana="ud-syn:obj" target="#ssj1.1.8.t15 #ssj1.1.8.t11"/>
	      <link ana="ud-syn:case" target="#ssj1.1.8.t13 #ssj1.1.8.t12"/>
	      <link ana="ud-syn:nmod" target="#ssj1.1.8.t11 #ssj1.1.8.t13"/>
	      <link ana="ud-syn:advmod" target="#ssj1.1.8.t15 #ssj1.1.8.t14"/>
	      <link ana="ud-syn:ccomp" target="#ssj1.1.8.t7 #ssj1.1.8.t15"/>
	      <link ana="ud-syn:xcomp" target="#ssj1.1.8.t15 #ssj1.1.8.t16"/>
	      <link ana="ud-syn:amod" target="#ssj1.1.8.t19 #ssj1.1.8.t17"/>
	      <link ana="ud-syn:amod" target="#ssj1.1.8.t19 #ssj1.1.8.t18"/>
	      <link ana="ud-syn:obj" target="#ssj1.1.8.t16 #ssj1.1.8.t19"/>
	      <link ana="ud-syn:punct" target="#ssj1.1.8.t7 #ssj1.1.8.t20"/>
	    </linkGrp>
	    <linkGrp corresp="#ssj1.1.8" targFunc="head argument" type="JOS-SYN">
	      <link ana="jos-syn:Sb" target="#ssj1.1.8.t7 #ssj1.1.8.t1"/>
	      <link ana="jos-syn:Atr" target="#ssj1.1.8.t4 #ssj1.1.8.t2"/>
	      <link ana="jos-syn:Atr" target="#ssj1.1.8.t4 #ssj1.1.8.t3"/>
	      <link ana="jos-syn:Atr" target="#ssj1.1.8.t1 #ssj1.1.8.t4"/>
	      <link ana="jos-syn:Root" target="#ssj1.1.8 #ssj1.1.8.t5"/>
	      <link ana="jos-syn:PPart" target="#ssj1.1.8.t7 #ssj1.1.8.t6"/>
	      <link ana="jos-syn:Root" target="#ssj1.1.8 #ssj1.1.8.t7"/>
	      <link ana="jos-syn:Root" target="#ssj1.1.8 #ssj1.1.8.t8"/>
	      <link ana="jos-syn:Conj" target="#ssj1.1.8.t15 #ssj1.1.8.t9"/>
	      <link ana="jos-syn:PPart" target="#ssj1.1.8.t15 #ssj1.1.8.t10"/>
	      <link ana="jos-syn:Obj" target="#ssj1.1.8.t15 #ssj1.1.8.t11"/>
	      <link ana="jos-syn:Atr" target="#ssj1.1.8.t13 #ssj1.1.8.t12"/>
	      <link ana="jos-syn:Atr" target="#ssj1.1.8.t11 #ssj1.1.8.t13"/>
	      <link ana="jos-syn:AdvO" target="#ssj1.1.8.t15 #ssj1.1.8.t14"/>
	      <link ana="jos-syn:Obj" target="#ssj1.1.8.t7 #ssj1.1.8.t15"/>
	      <link ana="jos-syn:Atr" target="#ssj1.1.8.t15 #ssj1.1.8.t16"/>
	      <link ana="jos-syn:Atr" target="#ssj1.1.8.t19 #ssj1.1.8.t17"/>
	      <link ana="jos-syn:Atr" target="#ssj1.1.8.t19 #ssj1.1.8.t18"/>
	      <link ana="jos-syn:Obj" target="#ssj1.1.8.t16 #ssj1.1.8.t19"/>
	      <link ana="jos-syn:Root" target="#ssj1.1.8 #ssj1.1.8.t20"/>
	    </linkGrp>
	    <linkGrp corresp="#ssj1.1.8" targFunc="head argument" type="SRL">
	      <link ana="srl:ACT" target="#ssj1.1.8.t7 #ssj1.1.8.t1"/>
	      <link ana="srl:ACT" target="#ssj1.1.8.t15 #ssj1.1.8.t11"/>
	      <link ana="srl:TIME" target="#ssj1.1.8.t15 #ssj1.1.8.t14"/>
	      <link ana="srl:PAT" target="#ssj1.1.8.t7 #ssj1.1.8.t15"/>
	      <link ana="srl:MODAL" target="#ssj1.1.8.t15 #ssj1.1.8.t16"/>
	      <link ana="srl:REC" target="#ssj1.1.8.t16 #ssj1.1.8.t19"/>
	    </linkGrp>
	  </s>
	</p>
      </div>
      <div xml:id="ssj2">
	<p xml:id="ssj2.2">
	  <s xml:id="ssj2.2.9">
	    <w ana="mte:Sl" msd="UPosTag=ADP|Case=Loc" lemma="v" xml:id="ssj2.2.9.t1">V</w>
	    <w ana="mte:Ncfsl" msd="UPosTag=NOUN|Case=Loc|Gender=Fem|Number=Sing" lemma="bolnišnica" xml:id="ssj2.2.9.t2">bolnišnici</w>
	    <w ana="mte:Va-f3p-n" msd="UPosTag=AUX|Mood=Ind|Number=Plur|Person=3|Polarity=Pos|Tense=Fut|VerbForm=Fin" lemma="biti" xml:id="ssj2.2.9.t3">bodo</w>
	    <w ana="mte:Vmep-pm" msd="UPosTag=VERB|Aspect=Perf|Gender=Masc|Number=Plur|VerbForm=Part" lemma="uvesti" xml:id="ssj2.2.9.t4">uvedli</w>
	    <w ana="mte:Q" msd="UPosTag=PART" lemma="tudi" xml:id="ssj2.2.9.t5">tudi</w>
	    <w ana="mte:Si" msd="UPosTag=ADP|Case=Ins" lemma="z" xml:id="ssj2.2.9.t6">s</w>
	    <w ana="mte:Ncfsi" msd="UPosTag=NOUN|Case=Ins|Gender=Fem|Number=Sing" lemma="šola" xml:id="ssj2.2.9.t7">šolo</w>
	    <w ana="mte:Sa" msd="UPosTag=ADP|Case=Acc" lemma="za" xml:id="ssj2.2.9.t8">za</w>
	    <w ana="mte:Ncmpa" msd="UPosTag=NOUN|Case=Acc|Gender=Masc|Number=Plur" lemma="starš" xml:id="ssj2.2.9.t9" join="right">starše</w>
	    <pc ana="mte:Z" msd="UPosTag=PUNCT" xml:id="ssj2.2.9.t10">,</pc>
	    <w ana="mte:Cs" msd="UPosTag=SCONJ" lemma="ki" xml:id="ssj2.2.9.t11">ki</w>
	    <w ana="mte:Va-r3s-n" msd="UPosTag=AUX|Mood=Ind|Number=Sing|Person=3|Polarity=Pos|Tense=Pres|VerbForm=Fin" lemma="biti" xml:id="ssj2.2.9.t12">je</w>
	    <w ana="mte:Appfsn" msd="UPosTag=ADJ|Case=Nom|Degree=Pos|Gender=Fem|Number=Sing|VerbForm=Part" lemma="namenjen" xml:id="ssj2.2.9.t13">namenjena</w>
	    <w ana="mte:Ncfsd" msd="UPosTag=NOUN|Case=Dat|Gender=Fem|Number=Sing" lemma="vzgoja" xml:id="ssj2.2.9.t14">vzgoji</w>
	    <w ana="mte:Cc" msd="UPosTag=CCONJ" lemma="in" xml:id="ssj2.2.9.t15">in</w>
	    <w ana="mte:Ncnsd" msd="UPosTag=NOUN|Case=Dat|Gender=Neut|Number=Sing" lemma="izobraževanje" xml:id="ssj2.2.9.t16">izobraževanju</w>
	    <w ana="mte:Ncfpg" msd="UPosTag=NOUN|Case=Gen|Gender=Fem|Number=Plur" lemma="nosečnica" xml:id="ssj2.2.9.t17">nosečnic</w>
	    <w ana="mte:Cc" msd="UPosTag=CCONJ" lemma="in" xml:id="ssj2.2.9.t18">in</w>
	    <w ana="mte:Ps3mpgp" msd="UPosTag=DET|Case=Gen|Gender=Masc|Number=Plur|Number[psor]=Plur|Person=3|Poss=Yes|PronType=Prs" lemma="njihov" xml:id="ssj2.2.9.t19">njihovih</w>
	    <w ana="mte:Ncmpg" msd="UPosTag=NOUN|Case=Gen|Gender=Masc|Number=Plur" lemma="partner" xml:id="ssj2.2.9.t20" join="right">partnerjev</w>
	    <pc ana="mte:Z" msd="UPosTag=PUNCT" xml:id="ssj2.2.9.t21">.</pc>
	    <linkGrp corresp="#ssj2.2.9" targFunc="head argument" type="UD-SYN">
	      <link ana="ud-syn:case" target="#ssj2.2.9.t2 #ssj2.2.9.t1"/>
	      <link ana="ud-syn:obl" target="#ssj2.2.9.t4 #ssj2.2.9.t2"/>
	      <link ana="ud-syn:aux" target="#ssj2.2.9.t4 #ssj2.2.9.t3"/>
	      <link ana="ud-syn:root" target="#ssj2.2.9 #ssj2.2.9.t4"/>
	      <link ana="ud-syn:advmod" target="#ssj2.2.9.t4 #ssj2.2.9.t5"/>
	      <link ana="ud-syn:case" target="#ssj2.2.9.t7 #ssj2.2.9.t6"/>
	      <link ana="ud-syn:obl" target="#ssj2.2.9.t4 #ssj2.2.9.t7"/>
	      <link ana="ud-syn:case" target="#ssj2.2.9.t9 #ssj2.2.9.t8"/>
	      <link ana="ud-syn:nmod" target="#ssj2.2.9.t7 #ssj2.2.9.t9"/>
	      <link ana="ud-syn:punct" target="#ssj2.2.9.t13 #ssj2.2.9.t10"/>
	      <link ana="ud-syn:mark" target="#ssj2.2.9.t13 #ssj2.2.9.t11"/>
	      <link ana="ud-syn:cop" target="#ssj2.2.9.t13 #ssj2.2.9.t12"/>
	      <link ana="ud-syn:acl" target="#ssj2.2.9.t7 #ssj2.2.9.t13"/>
	      <link ana="ud-syn:obj" target="#ssj2.2.9.t13 #ssj2.2.9.t14"/>
	      <link ana="ud-syn:cc" target="#ssj2.2.9.t16 #ssj2.2.9.t15"/>
	      <link ana="ud-syn:conj" target="#ssj2.2.9.t14 #ssj2.2.9.t16"/>
	      <link ana="ud-syn:nmod" target="#ssj2.2.9.t16 #ssj2.2.9.t17"/>
	      <link ana="ud-syn:cc" target="#ssj2.2.9.t20 #ssj2.2.9.t18"/>
	      <link ana="ud-syn:det" target="#ssj2.2.9.t20 #ssj2.2.9.t19"/>
	      <link ana="ud-syn:conj" target="#ssj2.2.9.t17 #ssj2.2.9.t20"/>
	      <link ana="ud-syn:punct" target="#ssj2.2.9.t4 #ssj2.2.9.t21"/>
	    </linkGrp>
	    <linkGrp corresp="#ssj2.2.9" targFunc="head argument" type="JOS-SYN">
	      <link ana="jos-syn:Atr" target="#ssj2.2.9.t2 #ssj2.2.9.t1"/>
	      <link ana="jos-syn:AdvO" target="#ssj2.2.9.t4 #ssj2.2.9.t2"/>
	      <link ana="jos-syn:PPart" target="#ssj2.2.9.t4 #ssj2.2.9.t3"/>
	      <link ana="jos-syn:Root" target="#ssj2.2.9 #ssj2.2.9.t4"/>
	      <link ana="jos-syn:Root" target="#ssj2.2.9 #ssj2.2.9.t5"/>
	      <link ana="jos-syn:Atr" target="#ssj2.2.9.t7 #ssj2.2.9.t6"/>
	      <link ana="jos-syn:AdvM" target="#ssj2.2.9.t4 #ssj2.2.9.t7"/>
	      <link ana="jos-syn:Atr" target="#ssj2.2.9.t9 #ssj2.2.9.t8"/>
	      <link ana="jos-syn:Atr" target="#ssj2.2.9.t7 #ssj2.2.9.t9"/>
	      <link ana="jos-syn:Root" target="#ssj2.2.9 #ssj2.2.9.t10"/>
	      <link ana="jos-syn:Conj" target="#ssj2.2.9.t12 #ssj2.2.9.t11"/>
	      <link ana="jos-syn:Atr" target="#ssj2.2.9.t7 #ssj2.2.9.t12"/>
	      <link ana="jos-syn:Atr" target="#ssj2.2.9.t12 #ssj2.2.9.t13"/>
	      <link ana="jos-syn:Obj" target="#ssj2.2.9.t13 #ssj2.2.9.t14"/>
	      <link ana="jos-syn:Conj" target="#ssj2.2.9.t16 #ssj2.2.9.t15"/>
	      <link ana="jos-syn:Coord" target="#ssj2.2.9.t14 #ssj2.2.9.t16"/>
	      <link ana="jos-syn:Atr" target="#ssj2.2.9.t16 #ssj2.2.9.t17"/>
	      <link ana="jos-syn:Conj" target="#ssj2.2.9.t20 #ssj2.2.9.t18"/>
	      <link ana="jos-syn:Atr" target="#ssj2.2.9.t20 #ssj2.2.9.t19"/>
	      <link ana="jos-syn:Coord" target="#ssj2.2.9.t17 #ssj2.2.9.t20"/>
	      <link ana="jos-syn:Root" target="#ssj2.2.9 #ssj2.2.9.t21"/>
	    </linkGrp>
	    <linkGrp corresp="#ssj2.2.9" targFunc="head argument" type="SRL">
	      <link ana="srl:ACT" target="#ssj2.2.9.t4 #ssj2.2.9.t2"/>
	      <link ana="srl:MEANS" target="#ssj2.2.9.t4 #ssj2.2.9.t7"/>
	      <link ana="srl:RESLT" target="#ssj2.2.9.t12 #ssj2.2.9.t13"/>
	      <link ana="srl:AIM" target="#ssj2.2.9.t13 #ssj2.2.9.t14"/>
	    </linkGrp>
	  </s>
	  <s xml:id="ssj2.2.10">
	    <w ana="mte:Sl" msd="UPosTag=ADP|Case=Loc" lemma="v" xml:id="ssj2.2.10.t1">V</w>
	    <w ana="mte:Ncfsl" msd="UPosTag=NOUN|Case=Loc|Gender=Fem|Number=Sing" lemma="bolnišnica" xml:id="ssj2.2.10.t2">bolnišnici</w>
	    <w ana="mte:Va-r3p-n" msd="UPosTag=AUX|Mood=Ind|Number=Plur|Person=3|Polarity=Pos|Tense=Pres|VerbForm=Fin" lemma="biti" xml:id="ssj2.2.10.t3">so</w>
	    <w ana="mte:Q" msd="UPosTag=PART" lemma="že" xml:id="ssj2.2.10.t4">že</w>
	    <w ana="mte:Si" msd="UPosTag=ADP|Case=Ins" lemma="pred" xml:id="ssj2.2.10.t5">pred</w>
	    <w ana="mte:Ncmsi" msd="UPosTag=NOUN|Case=Ins|Gender=Masc|Number=Sing" lemma="čas" xml:id="ssj2.2.10.t6">časom</w>
	    <w ana="mte:Vmep-pm" msd="UPosTag=VERB|Aspect=Perf|Gender=Masc|Number=Plur|VerbForm=Part" lemma="pripraviti" xml:id="ssj2.2.10.t7">pripravili</w>
	    <w ana="mte:Pg-nsa" msd="UPosTag=DET|Case=Acc|Gender=Neut|Number=Sing|PronType=Tot" lemma="ves" xml:id="ssj2.2.10.t8">vse</w>
	    <w ana="mte:Agpnsa" msd="UPosTag=ADJ|Case=Acc|Degree=Pos|Gender=Neut|Number=Sing" lemma="potreben" xml:id="ssj2.2.10.t9">potrebno</w>
	    <w ana="mte:Sa" msd="UPosTag=ADP|Case=Acc" lemma="za" xml:id="ssj2.2.10.t10">za</w>
	    <w ana="mte:Ncnsa" msd="UPosTag=NOUN|Case=Acc|Gender=Neut|Number=Sing" lemma="negovanje" xml:id="ssj2.2.10.t11">negovanje</w>
	    <w ana="mte:Ncmpg" msd="UPosTag=NOUN|Case=Gen|Gender=Masc|Number=Plur" lemma="bolnik" xml:id="ssj2.2.10.t12" join="right">bolnikov</w>
	    <pc ana="mte:Z" msd="UPosTag=PUNCT" xml:id="ssj2.2.10.t13">,</pc>
	    <w ana="mte:Sl" msd="UPosTag=ADP|Case=Loc" lemma="pri" xml:id="ssj2.2.10.t14">pri</w>
	    <w ana="mte:Pq-mpl" msd="UPosTag=DET|Case=Loc|Gender=Masc|Number=Plur|PronType=Int" lemma="kateri" xml:id="ssj2.2.10.t15">katerih</w>
	    <w ana="mte:Va-r3s-n" msd="UPosTag=AUX|Mood=Ind|Number=Sing|Person=3|Polarity=Pos|Tense=Pres|VerbForm=Fin" lemma="biti" xml:id="ssj2.2.10.t16">je</w>
	    <w ana="mte:Va-p-sn" msd="UPosTag=AUX|Gender=Neut|Number=Sing|VerbForm=Part" lemma="biti" xml:id="ssj2.2.10.t17">bilo</w>
	    <w ana="mte:Ncnsn" msd="UPosTag=NOUN|Case=Nom|Gender=Neut|Number=Sing" lemma="zdravljenje" xml:id="ssj2.2.10.t18">zdravljenje</w>
	    <w ana="mte:Appnsn" msd="UPosTag=ADJ|Case=Nom|Degree=Pos|Gender=Neut|Number=Sing|VerbForm=Part" lemma="končan" xml:id="ssj2.2.10.t19" join="right">končano</w>
	    <pc ana="mte:Z" msd="UPosTag=PUNCT" xml:id="ssj2.2.10.t20">.</pc>
	    <linkGrp corresp="#ssj2.2.10" targFunc="head argument" type="UD-SYN">
	      <link ana="ud-syn:case" target="#ssj2.2.10.t2 #ssj2.2.10.t1"/>
	      <link ana="ud-syn:obl" target="#ssj2.2.10.t7 #ssj2.2.10.t2"/>
	      <link ana="ud-syn:aux" target="#ssj2.2.10.t7 #ssj2.2.10.t3"/>
	      <link ana="ud-syn:advmod" target="#ssj2.2.10.t7 #ssj2.2.10.t4"/>
	      <link ana="ud-syn:case" target="#ssj2.2.10.t6 #ssj2.2.10.t5"/>
	      <link ana="ud-syn:obl" target="#ssj2.2.10.t7 #ssj2.2.10.t6"/>
	      <link ana="ud-syn:root" target="#ssj2.2.10 #ssj2.2.10.t7"/>
	      <link ana="ud-syn:nmod" target="#ssj2.2.10.t9 #ssj2.2.10.t8"/>
	      <link ana="ud-syn:obj" target="#ssj2.2.10.t7 #ssj2.2.10.t9"/>
	      <link ana="ud-syn:case" target="#ssj2.2.10.t11 #ssj2.2.10.t10"/>
	      <link ana="ud-syn:obl" target="#ssj2.2.10.t9 #ssj2.2.10.t11"/>
	      <link ana="ud-syn:nmod" target="#ssj2.2.10.t11 #ssj2.2.10.t12"/>
	      <link ana="ud-syn:punct" target="#ssj2.2.10.t19 #ssj2.2.10.t13"/>
	      <link ana="ud-syn:case" target="#ssj2.2.10.t15 #ssj2.2.10.t14"/>
	      <link ana="ud-syn:obl" target="#ssj2.2.10.t19 #ssj2.2.10.t15"/>
	      <link ana="ud-syn:aux" target="#ssj2.2.10.t19 #ssj2.2.10.t16"/>
	      <link ana="ud-syn:cop" target="#ssj2.2.10.t19 #ssj2.2.10.t17"/>
	      <link ana="ud-syn:nsubj" target="#ssj2.2.10.t19 #ssj2.2.10.t18"/>
	      <link ana="ud-syn:acl" target="#ssj2.2.10.t12 #ssj2.2.10.t19"/>
	      <link ana="ud-syn:punct" target="#ssj2.2.10.t7 #ssj2.2.10.t20"/>
	    </linkGrp>
	    <linkGrp corresp="#ssj2.2.10" targFunc="head argument" type="JOS-SYN">
	      <link ana="jos-syn:Atr" target="#ssj2.2.10.t2 #ssj2.2.10.t1"/>
	      <link ana="jos-syn:AdvO" target="#ssj2.2.10.t7 #ssj2.2.10.t2"/>
	      <link ana="jos-syn:PPart" target="#ssj2.2.10.t7 #ssj2.2.10.t3"/>
	      <link ana="jos-syn:Root" target="#ssj2.2.10 #ssj2.2.10.t4"/>
	      <link ana="jos-syn:Atr" target="#ssj2.2.10.t6 #ssj2.2.10.t5"/>
	      <link ana="jos-syn:AdvO" target="#ssj2.2.10.t7 #ssj2.2.10.t6"/>
	      <link ana="jos-syn:Root" target="#ssj2.2.10 #ssj2.2.10.t7"/>
	      <link ana="jos-syn:Atr" target="#ssj2.2.10.t9 #ssj2.2.10.t8"/>
	      <link ana="jos-syn:Obj" target="#ssj2.2.10.t7 #ssj2.2.10.t9"/>
	      <link ana="jos-syn:Atr" target="#ssj2.2.10.t11 #ssj2.2.10.t10"/>
	      <link ana="jos-syn:Obj" target="#ssj2.2.10.t9 #ssj2.2.10.t11"/>
	      <link ana="jos-syn:Atr" target="#ssj2.2.10.t11 #ssj2.2.10.t12"/>
	      <link ana="jos-syn:Root" target="#ssj2.2.10 #ssj2.2.10.t13"/>
	      <link ana="jos-syn:Atr" target="#ssj2.2.10.t15 #ssj2.2.10.t14"/>
	      <link ana="jos-syn:Conj" target="#ssj2.2.10.t17 #ssj2.2.10.t15"/>
	      <link ana="jos-syn:PPart" target="#ssj2.2.10.t17 #ssj2.2.10.t16"/>
	      <link ana="jos-syn:Atr" target="#ssj2.2.10.t12 #ssj2.2.10.t17"/>
	      <link ana="jos-syn:Sb" target="#ssj2.2.10.t17 #ssj2.2.10.t18"/>
	      <link ana="jos-syn:Atr" target="#ssj2.2.10.t17 #ssj2.2.10.t19"/>
	      <link ana="jos-syn:Root" target="#ssj2.2.10 #ssj2.2.10.t20"/>
	    </linkGrp>
	    <linkGrp corresp="#ssj2.2.10" targFunc="head argument" type="SRL">
	      <link ana="srl:ACT" target="#ssj2.2.10.t7 #ssj2.2.10.t2"/>
	      <link ana="srl:TIME" target="#ssj2.2.10.t7 #ssj2.2.10.t6"/>
	      <link ana="srl:PAT" target="#ssj2.2.10.t7 #ssj2.2.10.t9"/>
	      <link ana="srl:AIM" target="#ssj2.2.10.t9 #ssj2.2.10.t11"/>
	      <link ana="srl:PAT" target="#ssj2.2.10.t17 #ssj2.2.10.t18"/>
	      <link ana="srl:RESLT" target="#ssj2.2.10.t17 #ssj2.2.10.t19"/>
	    </linkGrp>
	  </s>
	  <s xml:id="ssj2.2.11">
	    <w ana="mte:Ncmsn" msd="UPosTag=NOUN|Case=Nom|Gender=Masc|Number=Sing" lemma="začetek" xml:id="ssj2.2.11.t1">Začetek</w>
	    <w ana="mte:Ncnsg" msd="UPosTag=NOUN|Case=Gen|Gender=Neut|Number=Sing" lemma="izvajanje" xml:id="ssj2.2.11.t2">izvajanja</w>
	    <w ana="mte:Ncmsg" msd="UPosTag=NOUN|Case=Gen|Gender=Masc|Number=Sing" lemma="program" xml:id="ssj2.2.11.t3">programa</w>
	    <w ana="mte:Va-r3s-n" msd="UPosTag=AUX|Mood=Ind|Number=Sing|Person=3|Polarity=Pos|Tense=Pres|VerbForm=Fin" lemma="biti" xml:id="ssj2.2.11.t4">je</w>
	    <w ana="mte:Agpmsnn" msd="UPosTag=ADJ|Case=Nom|Definite=Ind|Degree=Pos|Gender=Masc|Number=Sing" lemma="odvisen" xml:id="ssj2.2.11.t5">odvisen</w>
	    <w ana="mte:Sg" msd="UPosTag=ADP|Case=Gen" lemma="od" xml:id="ssj2.2.11.t6">od</w>
	    <w ana="mte:Ncmsg" msd="UPosTag=NOUN|Case=Gen|Gender=Masc|Number=Sing" lemma="podpis" xml:id="ssj2.2.11.t7">podpisa</w>
	    <w ana="mte:Ncmsg" msd="UPosTag=NOUN|Case=Gen|Gender=Masc|Number=Sing" lemma="sporazum" xml:id="ssj2.2.11.t8">sporazuma</w>
	    <w ana="mte:Si" msd="UPosTag=ADP|Case=Ins" lemma="z" xml:id="ssj2.2.11.t9">z</w>
	    <w ana="mte:Agpmsi" msd="UPosTag=ADJ|Case=Ins|Degree=Pos|Gender=Masc|Number=Sing" lemma="republiški" xml:id="ssj2.2.11.t10">republiškim</w>
	    <w ana="mte:Ncmsi" msd="UPosTag=NOUN|Case=Ins|Gender=Masc|Number=Sing" lemma="zavod" xml:id="ssj2.2.11.t11">zavodom</w>
	    <w ana="mte:Sa" msd="UPosTag=ADP|Case=Acc" lemma="za" xml:id="ssj2.2.11.t12">za</w>
	    <w ana="mte:Agpnsa" msd="UPosTag=ADJ|Case=Acc|Degree=Pos|Gender=Neut|Number=Sing" lemma="zdravstven" xml:id="ssj2.2.11.t13">zdravstveno</w>
	    <w ana="mte:Ncnsa" msd="UPosTag=NOUN|Case=Acc|Gender=Neut|Number=Sing" lemma="zavarovanje" xml:id="ssj2.2.11.t14" join="right">zavarovanje</w>
	    <pc ana="mte:Z" msd="UPosTag=PUNCT" xml:id="ssj2.2.11.t15">,</pc>
	    <w ana="mte:Sl" msd="UPosTag=ADP|Case=Loc" lemma="po" xml:id="ssj2.2.11.t16">po</w>
	    <w ana="mte:Ncfpl" msd="UPosTag=NOUN|Case=Loc|Gender=Fem|Number=Plur" lemma="napoved" xml:id="ssj2.2.11.t17">napovedih</w>
	    <w ana="mte:Cc" msd="UPosTag=CCONJ" lemma="pa" xml:id="ssj2.2.11.t18">pa</w>
	    <w ana="mte:Va-c" msd="UPosTag=AUX|Mood=Cnd|VerbForm=Fin" lemma="biti" xml:id="ssj2.2.11.t19">bi</w>
	    <w ana="mte:Px------y" msd="UPosTag=PRON|PronType=Prs|Reflex=Yes|Variant=Short" lemma="se" xml:id="ssj2.2.11.t20">se</w>
	    <w ana="mte:Q" msd="UPosTag=PART" lemma="naj" xml:id="ssj2.2.11.t21">naj</w>
	    <w ana="mte:Pd-nsn" msd="UPosTag=DET|Case=Nom|Gender=Neut|Number=Sing|PronType=Dem" lemma="ta" xml:id="ssj2.2.11.t22">to</w>
	    <w ana="mte:Vmep-sn" msd="UPosTag=VERB|Aspect=Perf|Gender=Neut|Number=Sing|VerbForm=Part" lemma="zgoditi" xml:id="ssj2.2.11.t23">zgodilo</w>
	    <w ana="mte:Agpmsay" msd="UPosTag=ADJ|Case=Acc|Definite=Def|Degree=Pos|Gender=Masc|Number=Sing" lemma="prihodnji" xml:id="ssj2.2.11.t24">prihodnji</w>
	    <w ana="mte:Ncmsan" msd="UPosTag=NOUN|Animacy=Inan|Case=Acc|Gender=Masc|Number=Sing" lemma="mesec" xml:id="ssj2.2.11.t25" join="right">mesec</w>
	    <pc ana="mte:Z" msd="UPosTag=PUNCT" xml:id="ssj2.2.11.t26">.</pc>
	    <linkGrp corresp="#ssj2.2.11" targFunc="head argument" type="UD-SYN">
	      <link ana="ud-syn:nsubj" target="#ssj2.2.11.t5 #ssj2.2.11.t1"/>
	      <link ana="ud-syn:nmod" target="#ssj2.2.11.t1 #ssj2.2.11.t2"/>
	      <link ana="ud-syn:nmod" target="#ssj2.2.11.t2 #ssj2.2.11.t3"/>
	      <link ana="ud-syn:cop" target="#ssj2.2.11.t5 #ssj2.2.11.t4"/>
	      <link ana="ud-syn:root" target="#ssj2.2.11 #ssj2.2.11.t5"/>
	      <link ana="ud-syn:case" target="#ssj2.2.11.t7 #ssj2.2.11.t6"/>
	      <link ana="ud-syn:obl" target="#ssj2.2.11.t5 #ssj2.2.11.t7"/>
	      <link ana="ud-syn:nmod" target="#ssj2.2.11.t7 #ssj2.2.11.t8"/>
	      <link ana="ud-syn:case" target="#ssj2.2.11.t11 #ssj2.2.11.t9"/>
	      <link ana="ud-syn:amod" target="#ssj2.2.11.t11 #ssj2.2.11.t10"/>
	      <link ana="ud-syn:nmod" target="#ssj2.2.11.t8 #ssj2.2.11.t11"/>
	      <link ana="ud-syn:case" target="#ssj2.2.11.t14 #ssj2.2.11.t12"/>
	      <link ana="ud-syn:amod" target="#ssj2.2.11.t14 #ssj2.2.11.t13"/>
	      <link ana="ud-syn:nmod" target="#ssj2.2.11.t11 #ssj2.2.11.t14"/>
	      <link ana="ud-syn:punct" target="#ssj2.2.11.t23 #ssj2.2.11.t15"/>
	      <link ana="ud-syn:case" target="#ssj2.2.11.t17 #ssj2.2.11.t16"/>
	      <link ana="ud-syn:obl" target="#ssj2.2.11.t23 #ssj2.2.11.t17"/>
	      <link ana="ud-syn:advmod" target="#ssj2.2.11.t23 #ssj2.2.11.t18"/>
	      <link ana="ud-syn:aux" target="#ssj2.2.11.t23 #ssj2.2.11.t19"/>
	      <link ana="ud-syn:expl" target="#ssj2.2.11.t23 #ssj2.2.11.t20"/>
	      <link ana="ud-syn:advmod" target="#ssj2.2.11.t23 #ssj2.2.11.t21"/>
	      <link ana="ud-syn:nsubj" target="#ssj2.2.11.t23 #ssj2.2.11.t22"/>
	      <link ana="ud-syn:parataxis" target="#ssj2.2.11.t5 #ssj2.2.11.t23"/>
	      <link ana="ud-syn:amod" target="#ssj2.2.11.t25 #ssj2.2.11.t24"/>
	      <link ana="ud-syn:obl" target="#ssj2.2.11.t23 #ssj2.2.11.t25"/>
	      <link ana="ud-syn:punct" target="#ssj2.2.11.t5 #ssj2.2.11.t26"/>
	    </linkGrp>
	    <linkGrp corresp="#ssj2.2.11" targFunc="head argument" type="JOS-SYN">
	      <link ana="jos-syn:Sb" target="#ssj2.2.11.t4 #ssj2.2.11.t1"/>
	      <link ana="jos-syn:Atr" target="#ssj2.2.11.t1 #ssj2.2.11.t2"/>
	      <link ana="jos-syn:Atr" target="#ssj2.2.11.t2 #ssj2.2.11.t3"/>
	      <link ana="jos-syn:Root" target="#ssj2.2.11 #ssj2.2.11.t4"/>
	      <link ana="jos-syn:Atr" target="#ssj2.2.11.t4 #ssj2.2.11.t5"/>
	      <link ana="jos-syn:Atr" target="#ssj2.2.11.t7 #ssj2.2.11.t6"/>
	      <link ana="jos-syn:Obj" target="#ssj2.2.11.t5 #ssj2.2.11.t7"/>
	      <link ana="jos-syn:Atr" target="#ssj2.2.11.t7 #ssj2.2.11.t8"/>
	      <link ana="jos-syn:Atr" target="#ssj2.2.11.t11 #ssj2.2.11.t9"/>
	      <link ana="jos-syn:Atr" target="#ssj2.2.11.t11 #ssj2.2.11.t10"/>
	      <link ana="jos-syn:Atr" target="#ssj2.2.11.t8 #ssj2.2.11.t11"/>
	      <link ana="jos-syn:Atr" target="#ssj2.2.11.t14 #ssj2.2.11.t12"/>
	      <link ana="jos-syn:Atr" target="#ssj2.2.11.t14 #ssj2.2.11.t13"/>
	      <link ana="jos-syn:Atr" target="#ssj2.2.11.t11 #ssj2.2.11.t14"/>
	      <link ana="jos-syn:Root" target="#ssj2.2.11 #ssj2.2.11.t15"/>
	      <link ana="jos-syn:Atr" target="#ssj2.2.11.t17 #ssj2.2.11.t16"/>
	      <link ana="jos-syn:AdvO" target="#ssj2.2.11.t23 #ssj2.2.11.t17"/>
	      <link ana="jos-syn:Root" target="#ssj2.2.11 #ssj2.2.11.t18"/>
	      <link ana="jos-syn:PPart" target="#ssj2.2.11.t23 #ssj2.2.11.t19"/>
	      <link ana="jos-syn:PPart" target="#ssj2.2.11.t23 #ssj2.2.11.t20"/>
	      <link ana="jos-syn:PPart" target="#ssj2.2.11.t23 #ssj2.2.11.t21"/>
	      <link ana="jos-syn:Sb" target="#ssj2.2.11.t23 #ssj2.2.11.t22"/>
	      <link ana="jos-syn:Root" target="#ssj2.2.11 #ssj2.2.11.t23"/>
	      <link ana="jos-syn:Atr" target="#ssj2.2.11.t25 #ssj2.2.11.t24"/>
	      <link ana="jos-syn:AdvO" target="#ssj2.2.11.t23 #ssj2.2.11.t25"/>
	      <link ana="jos-syn:Root" target="#ssj2.2.11 #ssj2.2.11.t26"/>
	    </linkGrp>
	    <linkGrp corresp="#ssj2.2.11" type="MWE">
	      <link ana="mwe:IRV" target="#ssj2.2.11.t20 #ssj2.2.11.t23"/>
	    </linkGrp>
	    <linkGrp corresp="#ssj2.2.11" targFunc="head argument" type="SRL">
	      <link ana="srl:ACT" target="#ssj2.2.11.t4 #ssj2.2.11.t1"/>
	      <link ana="srl:RESLT" target="#ssj2.2.11.t4 #ssj2.2.11.t5"/>
	      <link ana="srl:PAT" target="#ssj2.2.11.t5 #ssj2.2.11.t7"/>
	      <link ana="srl:REG" target="#ssj2.2.11.t23 #ssj2.2.11.t17"/>
	      <link ana="srl:ACT" target="#ssj2.2.11.t23 #ssj2.2.11.t22"/>
	      <link ana="srl:TIME" target="#ssj2.2.11.t23 #ssj2.2.11.t25"/>
	    </linkGrp>
	  </s>
	</p>
	<p xml:id="ssj2.3">
	  <s xml:id="ssj2.3.13">
	    <w ana="mte:Cc" msd="UPosTag=CCONJ" lemma="zato" xml:id="ssj2.3.13.t1">Zato</w>
	    <w ana="mte:Va-r3s-n" msd="UPosTag=AUX|Mood=Ind|Number=Sing|Person=3|Polarity=Pos|Tense=Pres|VerbForm=Fin" lemma="biti" xml:id="ssj2.3.13.t2">je</w>
	    <w ana="mte:Rgp" msd="UPosTag=ADV|Degree=Pos" lemma="včeraj" xml:id="ssj2.3.13.t3">včeraj</w>
	    <w ana="mte:Vmep-sf" msd="UPosTag=VERB|Aspect=Perf|Gender=Fem|Number=Sing|VerbForm=Part" lemma="sklicati" xml:id="ssj2.3.13.t4">sklicala</w>
	    <w ana="mte:Ncmsan" msd="UPosTag=NOUN|Animacy=Inan|Case=Acc|Gender=Masc|Number=Sing" lemma="sestanek" xml:id="ssj2.3.13.t5" join="right">sestanek</w>
	    <pc ana="mte:Z" msd="UPosTag=PUNCT" xml:id="ssj2.3.13.t6">,</pc>
	    <w ana="mte:Sl" msd="UPosTag=ADP|Case=Loc" lemma="na" xml:id="ssj2.3.13.t7">na</w>
	    <w ana="mte:Pq-msl" msd="UPosTag=DET|Case=Loc|Gender=Masc|Number=Sing|PronType=Int" lemma="kateri" xml:id="ssj2.3.13.t8">katerem</w>
	    <w ana="mte:Va-r3p-n" msd="UPosTag=AUX|Mood=Ind|Number=Plur|Person=3|Polarity=Pos|Tense=Pres|VerbForm=Fin" lemma="biti" xml:id="ssj2.3.13.t9">so</w>
	    <w ana="mte:Vmpp-pm" msd="UPosTag=VERB|Aspect=Imp|Gender=Masc|Number=Plur|VerbForm=Part" lemma="ugotavljati" xml:id="ssj2.3.13.t10" join="right">ugotavljali</w>
	    <pc ana="mte:Z" msd="UPosTag=PUNCT" xml:id="ssj2.3.13.t11">,</pc>
	    <w ana="mte:Rgp" msd="UPosTag=ADV|Degree=Pos" lemma="kako" xml:id="ssj2.3.13.t12">kako</w>
	    <w ana="mte:Va-c" msd="UPosTag=AUX|Mood=Cnd|VerbForm=Fin" lemma="biti" xml:id="ssj2.3.13.t13">bi</w>
	    <w ana="mte:Vmep-pm" msd="UPosTag=VERB|Aspect=Perf|Gender=Masc|Number=Plur|VerbForm=Part" lemma="priti" xml:id="ssj2.3.13.t14">prišli</w>
	    <w ana="mte:Sg" msd="UPosTag=ADP|Case=Gen" lemma="do" xml:id="ssj2.3.13.t15">do</w>
	    <w ana="mte:Agsfsg" msd="UPosTag=ADJ|Case=Gen|Degree=Sup|Gender=Fem|Number=Sing" lemma="primeren" xml:id="ssj2.3.13.t16">najprimernejše</w>
	    <w ana="mte:Ncfsg" msd="UPosTag=NOUN|Case=Gen|Gender=Fem|Number=Sing" lemma="rešitev" xml:id="ssj2.3.13.t17" join="right">rešitve</w>
	    <pc ana="mte:Z" msd="UPosTag=PUNCT" xml:id="ssj2.3.13.t18">.</pc>
	    <linkGrp corresp="#ssj2.3.13" targFunc="head argument" type="UD-SYN">
	      <link ana="ud-syn:cc" target="#ssj2.3.13.t4 #ssj2.3.13.t1"/>
	      <link ana="ud-syn:aux" target="#ssj2.3.13.t4 #ssj2.3.13.t2"/>
	      <link ana="ud-syn:advmod" target="#ssj2.3.13.t4 #ssj2.3.13.t3"/>
	      <link ana="ud-syn:root" target="#ssj2.3.13 #ssj2.3.13.t4"/>
	      <link ana="ud-syn:obj" target="#ssj2.3.13.t4 #ssj2.3.13.t5"/>
	      <link ana="ud-syn:punct" target="#ssj2.3.13.t10 #ssj2.3.13.t6"/>
	      <link ana="ud-syn:case" target="#ssj2.3.13.t8 #ssj2.3.13.t7"/>
	      <link ana="ud-syn:obl" target="#ssj2.3.13.t10 #ssj2.3.13.t8"/>
	      <link ana="ud-syn:aux" target="#ssj2.3.13.t10 #ssj2.3.13.t9"/>
	      <link ana="ud-syn:acl" target="#ssj2.3.13.t5 #ssj2.3.13.t10"/>
	      <link ana="ud-syn:punct" target="#ssj2.3.13.t14 #ssj2.3.13.t11"/>
	      <link ana="ud-syn:advmod" target="#ssj2.3.13.t14 #ssj2.3.13.t12"/>
	      <link ana="ud-syn:aux" target="#ssj2.3.13.t14 #ssj2.3.13.t13"/>
	      <link ana="ud-syn:ccomp" target="#ssj2.3.13.t10 #ssj2.3.13.t14"/>
	      <link ana="ud-syn:case" target="#ssj2.3.13.t17 #ssj2.3.13.t15"/>
	      <link ana="ud-syn:amod" target="#ssj2.3.13.t17 #ssj2.3.13.t16"/>
	      <link ana="ud-syn:obl" target="#ssj2.3.13.t14 #ssj2.3.13.t17"/>
	      <link ana="ud-syn:punct" target="#ssj2.3.13.t4 #ssj2.3.13.t18"/>
	    </linkGrp>
	    <linkGrp corresp="#ssj2.3.13" targFunc="head argument" type="JOS-SYN">
	      <link ana="jos-syn:Conj" target="#ssj2.3.13.t4 #ssj2.3.13.t1"/>
	      <link ana="jos-syn:PPart" target="#ssj2.3.13.t4 #ssj2.3.13.t2"/>
	      <link ana="jos-syn:AdvO" target="#ssj2.3.13.t4 #ssj2.3.13.t3"/>
	      <link ana="jos-syn:Root" target="#ssj2.3.13 #ssj2.3.13.t4"/>
	      <link ana="jos-syn:Obj" target="#ssj2.3.13.t4 #ssj2.3.13.t5"/>
	      <link ana="jos-syn:Root" target="#ssj2.3.13 #ssj2.3.13.t6"/>
	      <link ana="jos-syn:Atr" target="#ssj2.3.13.t8 #ssj2.3.13.t7"/>
	      <link ana="jos-syn:Conj" target="#ssj2.3.13.t10 #ssj2.3.13.t8"/>
	      <link ana="jos-syn:PPart" target="#ssj2.3.13.t10 #ssj2.3.13.t9"/>
	      <link ana="jos-syn:Atr" target="#ssj2.3.13.t5 #ssj2.3.13.t10"/>
	      <link ana="jos-syn:Root" target="#ssj2.3.13 #ssj2.3.13.t11"/>
	      <link ana="jos-syn:Conj" target="#ssj2.3.13.t14 #ssj2.3.13.t12"/>
	      <link ana="jos-syn:PPart" target="#ssj2.3.13.t14 #ssj2.3.13.t13"/>
	      <link ana="jos-syn:Obj" target="#ssj2.3.13.t10 #ssj2.3.13.t14"/>
	      <link ana="jos-syn:Atr" target="#ssj2.3.13.t17 #ssj2.3.13.t15"/>
	      <link ana="jos-syn:Atr" target="#ssj2.3.13.t17 #ssj2.3.13.t16"/>
	      <link ana="jos-syn:Obj" target="#ssj2.3.13.t14 #ssj2.3.13.t17"/>
	      <link ana="jos-syn:Root" target="#ssj2.3.13 #ssj2.3.13.t18"/>
	    </linkGrp>
	    <linkGrp corresp="#ssj2.3.13" type="MWE">
	      <link ana="mwe:IAV" target="#ssj2.3.13.t14 #ssj2.3.13.t15"/>
	    </linkGrp>
	    <linkGrp corresp="#ssj2.3.13" targFunc="head argument" type="SRL">
	      <link ana="srl:TIME" target="#ssj2.3.13.t4 #ssj2.3.13.t3"/>
	      <link ana="srl:PAT" target="#ssj2.3.13.t4 #ssj2.3.13.t5"/>
	      <link ana="srl:PAT" target="#ssj2.3.13.t10 #ssj2.3.13.t14"/>
	      <link ana="srl:RESLT" target="#ssj2.3.13.t14 #ssj2.3.13.t17"/>
	    </linkGrp>
	  </s>
	</p>
      </div>
    </body>
  </text>
</TEI>
