<text xmlns="http://www.tei-c.org/ns/1.0" id="newsfeed.2019-01-01.14" title="TV namigi: Marguerite, Medzvezdje, Pavarotti - dueti ..." author="Teja Roglič" publisher="Delo" url="https://www.delo.si/kultura/film-tv/tv-namigi-marguerite-medzvezdje-pavarotti-dueti-133991.html" date="2019-01-01" time="23:08:00">
<p id="newsfeed.2019-01-01.14.1">
<s id="newsfeed.2019-01-01.14.1.1">
<name type="per">
Vikendova	Vikendov	Aspfsn	ADJ	Case=Nom Degree=Pos Gender=Fem Number=Sing Poss=Yes	tok1	amod	ocena	Ncfsn	NOUN	Case=Nom Gender=Fem Number=Sing	tok2
</name>
ocena	ocena	Ncfsn	NOUN	Case=Nom Gender=Fem Number=Sing	tok2	parataxis	5	Mdc	NUM	NumForm=Digit NumType=Card	tok4
<g/>
:	:	Z	PUNCT	_	tok3	punct	ocena	Ncfsn	NOUN	Case=Nom Gender=Fem Number=Sing	tok2
5	5	Mdc	NUM	NumForm=Digit NumType=Card	tok4	root	-	-	-	-	-	-
(	(	Z	PUNCT	_	tok5	punct	5	Mdc	NUM	NumForm=Digit NumType=Card	tok7
<g/>
od	od	Sg	ADP	Case=Gen	tok6	case	5	Mdc	NUM	NumForm=Digit NumType=Card	tok7
5	5	Mdc	NUM	NumForm=Digit NumType=Card	tok7	conj	5	Mdc	NUM	NumForm=Digit NumType=Card	tok4
<g/>
)	)	Z	PUNCT	_	tok8	punct	5	Mdc	NUM	NumForm=Digit NumType=Card	tok7
</s>
</p>
<p id="newsfeed.2019-01-01.14.2">
<s id="newsfeed.2019-01-01.14.2.1">
Marguerite	Marguerite	Npfsn	PROPN	Case=Nom Gender=Fem Number=Sing	tok1	root	-	-	-	-	-	-
<g/>
.	.	Z	PUNCT	_	tok2	punct	Marguerite	Npfsn	PROPN	Case=Nom Gender=Fem Number=Sing	tok1
</s>
<s id="newsfeed.2019-01-01.14.2.2">
<name type="loc">
Francija	Francija	Npfsn	PROPN	Case=Nom Gender=Fem Number=Sing	tok1	root	-	-	-	-	-	-
<g/>
</name>
,	,	Z	PUNCT	_	tok2	punct	2015.	Mdo	NUM	NumForm=Digit NumType=Ord	tok3
2015.	2015.	Mdo	NUM	NumForm=Digit NumType=Ord	tok3	conj	Francija	Npfsn	PROPN	Case=Nom Gender=Fem Number=Sing	tok1
:	:	Z	PUNCT	_	tok4	punct	2015.	Mdo	NUM	NumForm=Digit NumType=Ord	tok3
<name type="per">
Xavier	Xavier	Npmsn	PROPN	Case=Nom Gender=Masc Number=Sing	tok5	conj	Francija	Npfsn	PROPN	Case=Nom Gender=Fem Number=Sing	tok1
Giannoli	Giannoli	Npmsn	PROPN	Case=Nom Gender=Masc Number=Sing	tok6	flat:name	Xavier	Npmsn	PROPN	Case=Nom Gender=Masc Number=Sing	tok5
<g/>
</name>
.	.	Z	PUNCT	_	tok7	punct	Francija	Npfsn	PROPN	Case=Nom Gender=Fem Number=Sing	tok1
</s>
<s id="newsfeed.2019-01-01.14.2.3">
Igrajo	igrati	Vmpr3p	VERB	Aspect=Imp Mood=Ind Number=Plur Person=3 Tense=Pres VerbForm=Fin	tok1	root	-	-	-	-	-	-
<g/>
:	:	Z	PUNCT	_	tok2	punct	Catherine	Npfsn	PROPN	Case=Nom Gender=Fem Number=Sing	tok3
<name type="per">
Catherine	Catherine	Npfsn	PROPN	Case=Nom Gender=Fem Number=Sing	tok3	nsubj	igrati	Vmpr3p	VERB	Aspect=Imp Mood=Ind Number=Plur Person=3 Tense=Pres VerbForm=Fin	tok1
Frot	Frot	Npfsn	PROPN	Case=Nom Gender=Fem Number=Sing	tok4	flat:name	Catherine	Npfsn	PROPN	Case=Nom Gender=Fem Number=Sing	tok3
<g/>
</name>
,	,	Z	PUNCT	_	tok5	punct	André	Npmsn	PROPN	Case=Nom Gender=Masc Number=Sing	tok6
<name type="per">
André	André	Npmsn	PROPN	Case=Nom Gender=Masc Number=Sing	tok6	conj	Catherine	Npfsn	PROPN	Case=Nom Gender=Fem Number=Sing	tok3
Marcon	Marcon	Npmsn	PROPN	Case=Nom Gender=Masc Number=Sing	tok7	flat:name	André	Npmsn	PROPN	Case=Nom Gender=Masc Number=Sing	tok6
<g/>
</name>
,	,	Z	PUNCT	_	tok8	punct	Michel	Npmsn	PROPN	Case=Nom Gender=Masc Number=Sing	tok9
<name type="per">
Michel	Michel	Npmsn	PROPN	Case=Nom Gender=Masc Number=Sing	tok9	conj	Catherine	Npfsn	PROPN	Case=Nom Gender=Fem Number=Sing	tok3
Fau	Fau	Npmsn	PROPN	Case=Nom Gender=Masc Number=Sing	tok10	flat:name	Michel	Npmsn	PROPN	Case=Nom Gender=Masc Number=Sing	tok9
<g/>
</name>
,	,	Z	PUNCT	_	tok11	punct	Christa	Npfsn	PROPN	Case=Nom Gender=Fem Number=Sing	tok12
<name type="per">
Christa	Christa	Npfsn	PROPN	Case=Nom Gender=Fem Number=Sing	tok12	conj	Catherine	Npfsn	PROPN	Case=Nom Gender=Fem Number=Sing	tok3
Théret	Théret	Npfsn	PROPN	Case=Nom Gender=Fem Number=Sing	tok13	flat:name	Christa	Npfsn	PROPN	Case=Nom Gender=Fem Number=Sing	tok12
<g/>
</name>
.	.	Z	PUNCT	_	tok14	punct	igrati	Vmpr3p	VERB	Aspect=Imp Mood=Ind Number=Plur Person=3 Tense=Pres VerbForm=Fin	tok1
</s>
<s id="newsfeed.2019-01-01.14.2.4">
Komedija	komedija	Ncfsn	NOUN	Case=Nom Gender=Fem Number=Sing	tok1	root	-	-	-	-	-	-
<g/>
/	/	Z	PUNCT	_	tok2	punct	drama	Ncfsn	NOUN	Case=Nom Gender=Fem Number=Sing	tok3
<g/>
drama	drama	Ncfsn	NOUN	Case=Nom Gender=Fem Number=Sing	tok3	conj	komedija	Ncfsn	NOUN	Case=Nom Gender=Fem Number=Sing	tok1
<g/>
.	.	Z	PUNCT	_	tok4	punct	komedija	Ncfsn	NOUN	Case=Nom Gender=Fem Number=Sing	tok1
</s>
<s id="newsfeed.2019-01-01.14.2.5">
129	129	Mdc	NUM	NumForm=Digit NumType=Card	tok1	nummod	minuta	Ncfpg	NOUN	Case=Gen Gender=Fem Number=Plur	tok2
minut	minuta	Ncfpg	NOUN	Case=Gen Gender=Fem Number=Plur	tok2	root	-	-	-	-	-	-
<g/>
.	.	Z	PUNCT	_	tok3	punct	minuta	Ncfpg	NOUN	Case=Gen Gender=Fem Number=Plur	tok2
</s>
</p>
<p id="newsfeed.2019-01-01.14.3">
<s id="newsfeed.2019-01-01.14.3.1">
V	v	Sl	ADP	Case=Loc	tok1	case	začetek	Ncmsl	NOUN	Case=Loc Gender=Masc Number=Sing	tok2
začetku	začetek	Ncmsl	NOUN	Case=Loc Gender=Masc Number=Sing	tok2	obl	zbirati	Vmpr3s	VERB	Aspect=Imp Mood=Ind Number=Sing Person=3 Tense=Pres VerbForm=Fin	tok13
zlatih	zlat	Agpnpg	ADJ	Case=Gen Degree=Pos Gender=Neut Number=Plur	tok3	amod	stoletje	Ncnsg	NOUN	Case=Gen Gender=Neut Number=Sing	tok6
dvajsetih	dvajseti	Mlonpg	ADJ	Case=Gen Gender=Neut NumType=Ord Number=Plur	tok4	amod	stoletje	Ncnsg	NOUN	Case=Gen Gender=Neut Number=Sing	tok6
prejšnjega	prejšnji	Agpnsg	ADJ	Case=Gen Degree=Pos Gender=Neut Number=Sing	tok5	amod	stoletje	Ncnsg	NOUN	Case=Gen Gender=Neut Number=Sing	tok6
stoletja	stoletje	Ncnsg	NOUN	Case=Gen Gender=Neut Number=Sing	tok6	nmod	začetek	Ncmsl	NOUN	Case=Loc Gender=Masc Number=Sing	tok2
se	se	Px------y	PRON	PronType=Prs Reflex=Yes Variant=Short	tok7	expl	zbirati	Vmpr3s	VERB	Aspect=Imp Mood=Ind Number=Sing Person=3 Tense=Pres VerbForm=Fin	tok13
na	na	Sl	ADP	Case=Loc	tok8	case	dvorec	Ncmsl	NOUN	Case=Loc Gender=Masc Number=Sing	tok9
dvorcu	dvorec	Ncmsl	NOUN	Case=Loc Gender=Masc Number=Sing	tok9	obl	zbirati	Vmpr3s	VERB	Aspect=Imp Mood=Ind Number=Sing Person=3 Tense=Pres VerbForm=Fin	tok13
<name type="loc">
Marguerite	Marguerita	Npfsg	PROPN	Case=Gen Gender=Fem Number=Sing	tok10	nmod	dvorec	Ncmsl	NOUN	Case=Loc Gender=Masc Number=Sing	tok9
Dumont	Dumont	Npfsn	PROPN	Case=Nom Gender=Fem Number=Sing	tok11	flat:name	Marguerita	Npfsg	PROPN	Case=Gen Gender=Fem Number=Sing	tok10
</name>
redno	redno	Rgp	ADV	Degree=Pos	tok12	advmod	zbirati	Vmpr3s	VERB	Aspect=Imp Mood=Ind Number=Sing Person=3 Tense=Pres VerbForm=Fin	tok13
zbira	zbirati	Vmpr3s	VERB	Aspect=Imp Mood=Ind Number=Sing Person=3 Tense=Pres VerbForm=Fin	tok13	root	-	-	-	-	-	-
množica	množica	Ncfsn	NOUN	Case=Nom Gender=Fem Number=Sing	tok14	nsubj	zbirati	Vmpr3s	VERB	Aspect=Imp Mood=Ind Number=Sing Person=3 Tense=Pres VerbForm=Fin	tok13
ljudi	človek	Ncmpg	NOUN	Case=Gen Gender=Masc Number=Plur	tok15	nmod	množica	Ncfsn	NOUN	Case=Nom Gender=Fem Number=Sing	tok14
<g/>
,	,	Z	PUNCT	_	tok16	punct	poslušati	Vmpr3s	VERB	Aspect=Imp Mood=Ind Number=Sing Person=3 Tense=Pres VerbForm=Fin	tok18
ki	ki	Cs	SCONJ	_	tok17	mark	poslušati	Vmpr3s	VERB	Aspect=Imp Mood=Ind Number=Sing Person=3 Tense=Pres VerbForm=Fin	tok18
posluša	poslušati	Vmpr3s	VERB	Aspect=Imp Mood=Ind Number=Sing Person=3 Tense=Pres VerbForm=Fin	tok18	acl	množica	Ncfsn	NOUN	Case=Nom Gender=Fem Number=Sing	tok14
navdušeno	navdušen	Appnsa	ADJ	Case=Acc Degree=Pos Gender=Neut Number=Sing VerbForm=Part	tok19	amod	petje	Ncnsa	NOUN	Case=Acc Gender=Neut Number=Sing	tok20
petje	petje	Ncnsa	NOUN	Case=Acc Gender=Neut Number=Sing	tok20	obj	poslušati	Vmpr3s	VERB	Aspect=Imp Mood=Ind Number=Sing Person=3 Tense=Pres VerbForm=Fin	tok18
lastnice	lastnica	Ncfsg	NOUN	Case=Gen Gender=Fem Number=Sing	tok21	nmod	petje	Ncnsa	NOUN	Case=Acc Gender=Neut Number=Sing	tok20
dvorca	dvorec	Ncmsg	NOUN	Case=Gen Gender=Masc Number=Sing	tok22	nmod	lastnica	Ncfsg	NOUN	Case=Gen Gender=Fem Number=Sing	tok21
<g/>
.	.	Z	PUNCT	_	tok23	punct	zbirati	Vmpr3s	VERB	Aspect=Imp Mood=Ind Number=Sing Person=3 Tense=Pres VerbForm=Fin	tok13
</s>
<s id="newsfeed.2019-01-01.14.3.2">
Edina	edin	Agpfsn	ADJ	Case=Nom Degree=Pos Gender=Fem Number=Sing	tok1	amod	težava	Ncfsn	NOUN	Case=Nom Gender=Fem Number=Sing	tok2
težava	težava	Ncfsn	NOUN	Case=Nom Gender=Fem Number=Sing	tok2	root	-	-	-	-	-	-
je	biti	Va-r3s-n	AUX	Mood=Ind Number=Sing Person=3 Polarity=Pos Tense=Pres VerbForm=Fin	tok3	cop	težava	Ncfsn	NOUN	Case=Nom Gender=Fem Number=Sing	tok2
<g/>
,	,	Z	PUNCT	_	tok4	punct	imeti	Vmpr3s-y	VERB	Aspect=Imp Mood=Ind Number=Sing Person=3 Polarity=Neg Tense=Pres VerbForm=Fin	tok7
da	da	Cs	SCONJ	_	tok5	mark	imeti	Vmpr3s-y	VERB	Aspect=Imp Mood=Ind Number=Sing Person=3 Polarity=Neg Tense=Pres VerbForm=Fin	tok7
<name type="per">
Marguerite	Marguerita	Npfsg	PROPN	Case=Nom Gender=Fem Number=Sing	tok6	nsubj	imeti	Vmpr3s-y	VERB	Aspect=Imp Mood=Ind Number=Sing Person=3 Polarity=Neg Tense=Pres VerbForm=Fin	tok7
</name>
nima	imeti	Vmpr3s-y	VERB	Aspect=Imp Mood=Ind Number=Sing Person=3 Polarity=Neg Tense=Pres VerbForm=Fin	tok7	csubj	težava	Ncfsn	NOUN	Case=Nom Gender=Fem Number=Sing	tok2
niti	niti	Q	PART	_	tok8	advmod	imeti	Vmpr3s-y	VERB	Aspect=Imp Mood=Ind Number=Sing Person=3 Polarity=Neg Tense=Pres VerbForm=Fin	tok7
najmanj	najmanj	Rgs	ADV	Degree=Sup	tok9	advmod	posluh	Ncmsg	NOUN	Case=Gen Gender=Masc Number=Sing	tok10
posluha	posluh	Ncmsg	NOUN	Case=Gen Gender=Masc Number=Sing	tok10	obj	imeti	Vmpr3s-y	VERB	Aspect=Imp Mood=Ind Number=Sing Person=3 Polarity=Neg Tense=Pres VerbForm=Fin	tok7
<g/>
.	.	Z	PUNCT	_	tok11	punct	težava	Ncfsn	NOUN	Case=Nom Gender=Fem Number=Sing	tok2
</s>
<s id="newsfeed.2019-01-01.14.3.3">
Še	še	Q	PART	_	tok1	advmod	hud	Agcnsn	ADJ	Case=Nom Degree=Cmp Gender=Neut Number=Sing	tok2
hujše	hud	Agcnsn	ADJ	Case=Nom Degree=Cmp Gender=Neut Number=Sing	tok2	root	-	-	-	-	-	-
je	biti	Va-r3s-n	AUX	Mood=Ind Number=Sing Person=3 Polarity=Pos Tense=Pres VerbForm=Fin	tok3	cop	hud	Agcnsn	ADJ	Case=Nom Degree=Cmp Gender=Neut Number=Sing	tok2
verjetno	verjeten	Agpnsn	ADJ	Case=Nom Degree=Pos Gender=Neut Number=Sing	tok4	amod	dejstvo	Ncnsn	NOUN	Case=Nom Gender=Neut Number=Sing	tok5
dejstvo	dejstvo	Ncnsn	NOUN	Case=Nom Gender=Neut Number=Sing	tok5	nsubj	hud	Agcnsn	ADJ	Case=Nom Degree=Cmp Gender=Neut Number=Sing	tok2
<g/>
,	,	Z	PUNCT	_	tok6	punct	ploskati	Vmpr3s	VERB	Aspect=Imp Mood=Ind Number=Sing Person=3 Tense=Pres VerbForm=Fin	tok20
da	da	Cs	SCONJ	_	tok7	mark	ploskati	Vmpr3s	VERB	Aspect=Imp Mood=Ind Number=Sing Person=3 Tense=Pres VerbForm=Fin	tok20
ji	on	Pp3fsd--y	PRON	Case=Dat Gender=Fem Number=Sing Person=3 PronType=Prs Variant=Short	tok8	obj	ploskati	Vmpr3s	VERB	Aspect=Imp Mood=Ind Number=Sing Person=3 Tense=Pres VerbForm=Fin	tok20
množica	množica	Ncfsn	NOUN	Case=Nom Gender=Fem Number=Sing	tok9	nsubj	ploskati	Vmpr3s	VERB	Aspect=Imp Mood=Ind Number=Sing Person=3 Tense=Pres VerbForm=Fin	tok20
<g/>
,	,	Z	PUNCT	_	tok10	punct	posmehovati	Vmpr3s	VERB	Aspect=Imp Mood=Ind Number=Sing Person=3 Tense=Pres VerbForm=Fin	tok16
ki	ki	Cs	SCONJ	_	tok11	mark	posmehovati	Vmpr3s	VERB	Aspect=Imp Mood=Ind Number=Sing Person=3 Tense=Pres VerbForm=Fin	tok16
se	se	Px------y	PRON	PronType=Prs Reflex=Yes Variant=Short	tok12	expl	posmehovati	Vmpr3s	VERB	Aspect=Imp Mood=Ind Number=Sing Person=3 Tense=Pres VerbForm=Fin	tok16
ji	on	Pp3fsd--y	PRON	Case=Dat Gender=Fem Number=Sing Person=3 PronType=Prs Variant=Short	tok13	obj	posmehovati	Vmpr3s	VERB	Aspect=Imp Mood=Ind Number=Sing Person=3 Tense=Pres VerbForm=Fin	tok16
na	na	Sa	ADP	Case=Acc	tok14	case	tiho	Rgp	ADV	Degree=Pos	tok15
tiho	tiho	Rgp	ADV	Degree=Pos	tok15	advmod	posmehovati	Vmpr3s	VERB	Aspect=Imp Mood=Ind Number=Sing Person=3 Tense=Pres VerbForm=Fin	tok16
posmehuje	posmehovati	Vmpr3s	VERB	Aspect=Imp Mood=Ind Number=Sing Person=3 Tense=Pres VerbForm=Fin	tok16	acl	množica	Ncfsn	NOUN	Case=Nom Gender=Fem Number=Sing	tok9
<g/>
,	,	Z	PUNCT	_	tok17	punct	posmehovati	Vmpr3s	VERB	Aspect=Imp Mood=Ind Number=Sing Person=3 Tense=Pres VerbForm=Fin	tok16
vedno	vedno	Rgp	ADV	Degree=Pos	tok18	advmod	ploskati	Vmpr3s	VERB	Aspect=Imp Mood=Ind Number=Sing Person=3 Tense=Pres VerbForm=Fin	tok20
glasno	glasno	Rgp	ADV	Degree=Pos	tok19	advmod	ploskati	Vmpr3s	VERB	Aspect=Imp Mood=Ind Number=Sing Person=3 Tense=Pres VerbForm=Fin	tok20
ploska	ploskati	Vmpr3s	VERB	Aspect=Imp Mood=Ind Number=Sing Person=3 Tense=Pres VerbForm=Fin	tok20	acl	dejstvo	Ncnsn	NOUN	Case=Nom Gender=Neut Number=Sing	tok5
<g/>
.	.	Z	PUNCT	_	tok21	punct	hud	Agcnsn	ADJ	Case=Nom Degree=Cmp Gender=Neut Number=Sing	tok2
</s>
<s id="newsfeed.2019-01-01.14.3.4">
Stvar	stvar	Ncfsn	NOUN	Case=Nom Gender=Fem Number=Sing	tok1	nsubj	iti	Vmbr3s	VERB	Mood=Ind Number=Sing Person=3 Tense=Pres VerbForm=Fin	tok2
gre	iti	Vmbr3s	VERB	Mood=Ind Number=Sing Person=3 Tense=Pres VerbForm=Fin	tok2	root	-	-	-	-	-	-
tako	tako	Rgp	ADV	Degree=Pos	tok3	advmod	daleč	Rgp	ADV	Degree=Pos	tok4
daleč	daleč	Rgp	ADV	Degree=Pos	tok4	advmod	iti	Vmbr3s	VERB	Mood=Ind Number=Sing Person=3 Tense=Pres VerbForm=Fin	tok2
<g/>
,	,	Z	PUNCT	_	tok5	punct	prepričan	Appfsn	ADJ	Case=Nom Degree=Pos Gender=Fem Number=Sing VerbForm=Part	tok10
da	da	Cs	SCONJ	_	tok6	mark	prepričan	Appfsn	ADJ	Case=Nom Degree=Pos Gender=Fem Number=Sing VerbForm=Part	tok10
je	biti	Va-r3s-n	AUX	Mood=Ind Number=Sing Person=3 Polarity=Pos Tense=Pres VerbForm=Fin	tok7	cop	prepričan	Appfsn	ADJ	Case=Nom Degree=Pos Gender=Fem Number=Sing VerbForm=Part	tok10
<name type="per">
Marguerite	Marguerite	Npfsn	PROPN	Case=Nom Gender=Fem Number=Sing	tok8	nsubj	prepričan	Appfsn	ADJ	Case=Nom Degree=Pos Gender=Fem Number=Sing VerbForm=Part	tok10
</name>
tako	tako	Rgp	ADV	Degree=Pos	tok9	advmod	prepričan	Appfsn	ADJ	Case=Nom Degree=Pos Gender=Fem Number=Sing VerbForm=Part	tok10
prepričana	prepričan	Appfsn	ADJ	Case=Nom Degree=Pos Gender=Fem Number=Sing VerbForm=Part	tok10	advcl	iti	Vmbr3s	VERB	Mood=Ind Number=Sing Person=3 Tense=Pres VerbForm=Fin	tok2
v	v	Sa	ADP	Case=Acc	tok11	case	petje	Ncnsa	NOUN	Case=Acc Gender=Neut Number=Sing	tok13
svoje	svoj	Px-nsa	DET	Case=Acc Gender=Neut Number=Sing Poss=Yes PronType=Prs Reflex=Yes	tok12	det	petje	Ncnsa	NOUN	Case=Acc Gender=Neut Number=Sing	tok13
petje	petje	Ncnsa	NOUN	Case=Acc Gender=Neut Number=Sing	tok13	obl	prepričan	Appfsn	ADJ	Case=Nom Degree=Pos Gender=Fem Number=Sing VerbForm=Part	tok10
<g/>
,	,	Z	PUNCT	_	tok14	punct	odločiti	Vmer3s	VERB	Aspect=Perf Mood=Ind Number=Sing Person=3 Tense=Pres VerbForm=Fin	tok17
da	da	Cs	SCONJ	_	tok15	mark	odločiti	Vmer3s	VERB	Aspect=Perf Mood=Ind Number=Sing Person=3 Tense=Pres VerbForm=Fin	tok17
se	se	Px------y	PRON	PronType=Prs Reflex=Yes Variant=Short	tok16	expl	nastopiti	Vmen	VERB	Aspect=Perf VerbForm=Inf	tok18
odloči	odločiti	Vmer3s	VERB	Aspect=Perf Mood=Ind Number=Sing Person=3 Tense=Pres VerbForm=Fin	tok17	acl	petje	Ncnsa	NOUN	Case=Acc Gender=Neut Number=Sing	tok13
nastopiti	nastopiti	Vmen	VERB	Aspect=Perf VerbForm=Inf	tok18	xcomp	odločiti	Vmer3s	VERB	Aspect=Perf Mood=Ind Number=Sing Person=3 Tense=Pres VerbForm=Fin	tok17
v	v	Sl	ADP	Case=Loc	tok19	case	opera	Ncfsl	NOUN	Case=Loc Gender=Fem Number=Sing	tok21
pariški	pariški	Agpfsl	ADJ	Case=Loc Degree=Pos Gender=Fem Number=Sing	tok20	amod	opera	Ncfsl	NOUN	Case=Loc Gender=Fem Number=Sing	tok21
operi	opera	Ncfsl	NOUN	Case=Loc Gender=Fem Number=Sing	tok21	obl	nastopiti	Vmen	VERB	Aspect=Perf VerbForm=Inf	tok18
.	.	Z	PUNCT	_	tok22	punct	iti	Vmbr3s	VERB	Mood=Ind Number=Sing Person=3 Tense=Pres VerbForm=Fin	tok2
<g/>
.	.	Z	PUNCT	_	tok23	punct	iti	Vmbr3s	VERB	Mood=Ind Number=Sing Person=3 Tense=Pres VerbForm=Fin	tok2
<g/>
.	.	Z	PUNCT	_	tok24	punct	iti	Vmbr3s	VERB	Mood=Ind Number=Sing Person=3 Tense=Pres VerbForm=Fin	tok2
</s>
</p>
<p id="newsfeed.2019-01-01.14.4">
<s id="newsfeed.2019-01-01.14.4.1">
Film	film	Ncmsn	NOUN	Case=Nom Gender=Masc Number=Sing	tok1	nsubj	odigran	Appmsnn	ADJ	Case=Nom Definite=Ind Degree=Pos Gender=Masc Number=Sing VerbForm=Part	tok18
o	o	Sl	ADP	Case=Loc	tok2	case	Florence	Npfsl	PROPN	Case=Loc Gender=Fem Number=Sing	tok3
<name type="per">
Florence	Florence	Npfsl	PROPN	Case=Loc Gender=Fem Number=Sing	tok3	nmod	film	Ncmsn	NOUN	Case=Nom Gender=Masc Number=Sing	tok1
Foster	Foster	Npmsn	PROPN	Case=Loc Gender=Fem Number=Sing	tok4	flat:name	Florence	Npfsl	PROPN	Case=Loc Gender=Fem Number=Sing	tok3
Jenkins	Jenkins	Npmsn	PROPN	Case=Nom Gender=Fem Number=Sing	tok5	flat:name	Foster	Npmsn	PROPN	Case=Loc Gender=Fem Number=Sing	tok4
<g/>
</name>
,	,	Z	PUNCT	_	tok6	punct	nastati	Vmep-sm	VERB	Aspect=Perf Gender=Masc Number=Sing VerbForm=Part	tok9
ki	ki	Cs	SCONJ	_	tok7	mark	nastati	Vmep-sm	VERB	Aspect=Perf Gender=Masc Number=Sing VerbForm=Part	tok9
je	biti	Va-r3s-n	AUX	Mood=Ind Number=Sing Person=3 Polarity=Pos Tense=Pres VerbForm=Fin	tok8	aux	nastati	Vmep-sm	VERB	Aspect=Perf Gender=Masc Number=Sing VerbForm=Part	tok9
nastal	nastati	Vmep-sm	VERB	Aspect=Perf Gender=Masc Number=Sing VerbForm=Part	tok9	acl	film	Ncmsn	NOUN	Case=Nom Gender=Masc Number=Sing	tok1
pred	pred	Si	ADP	Case=Ins	tok10	case	film	Ncmsi	NOUN	Case=Ins Gender=Masc Number=Sing	tok11
filmom	film	Ncmsi	NOUN	Case=Ins Gender=Masc Number=Sing	tok11	obl	nastati	Vmep-sm	VERB	Aspect=Perf Gender=Masc Number=Sing VerbForm=Part	tok9
<name type="per">
Florence	Florenca	Npfsg	PROPN	Case=Gen Gender=Fem Number=Sing	tok12	nmod	film	Ncmsi	NOUN	Case=Ins Gender=Masc Number=Sing	tok11
Foster	Foster	Npfsg	PROPN	Case=Gen Gender=Fem Number=Sing	tok13	flat:name	Florenca	Npfsg	PROPN	Case=Gen Gender=Fem Number=Sing	tok12
Jenkins	Jenkins	Npfsg	PROPN	Case=Gen Gender=Fem Number=Sing	tok14	flat:name	Foster	Npfsg	PROPN	Case=Gen Gender=Fem Number=Sing	tok13
<g/>
</name>
,	,	Z	PUNCT	_	tok15	punct	nastati	Vmep-sm	VERB	Aspect=Perf Gender=Masc Number=Sing VerbForm=Part	tok9
je	biti	Va-r3s-n	AUX	Mood=Ind Number=Sing Person=3 Polarity=Pos Tense=Pres VerbForm=Fin	tok16	cop	odigran	Appmsnn	ADJ	Case=Nom Definite=Ind Degree=Pos Gender=Masc Number=Sing VerbForm=Part	tok18
dobro	dobro	Rgp	ADV	Degree=Pos	tok17	advmod	odigran	Appmsnn	ADJ	Case=Nom Definite=Ind Degree=Pos Gender=Masc Number=Sing VerbForm=Part	tok18
odigran	odigran	Appmsnn	ADJ	Case=Nom Definite=Ind Degree=Pos Gender=Masc Number=Sing VerbForm=Part	tok18	root	-	-	-	-	-	-
in	in	Cc	CCONJ	_	tok19	cc	navdihujoč	Appmsnn	ADJ	Case=Nom Definite=Ind Degree=Pos Gender=Masc Number=Sing VerbForm=Part	tok20
navdihujoč	navdihujoč	Appmsnn	ADJ	Case=Nom Definite=Ind Degree=Pos Gender=Masc Number=Sing VerbForm=Part	tok20	amod	pogled	Ncmsn	NOUN	Case=Nom Gender=Masc Number=Sing	tok21
pogled	pogled	Ncmsn	NOUN	Case=Nom Gender=Masc Number=Sing	tok21	nsubj	odigran	Appmsnn	ADJ	Case=Nom Definite=Ind Degree=Pos Gender=Masc Number=Sing VerbForm=Part	tok18
na	na	Sa	ADP	Case=Acc	tok22	case	umetnost	Ncfsa	NOUN	Case=Acc Gender=Fem Number=Sing	tok23
umetnost	umetnost	Ncfsa	NOUN	Case=Acc Gender=Fem Number=Sing	tok23	nmod	pogled	Ncmsn	NOUN	Case=Nom Gender=Masc Number=Sing	tok21
in	in	Cc	CCONJ	_	tok24	cc	vrednost	Ncfsa	NOUN	Case=Acc Gender=Fem Number=Sing	tok25
vrednost	vrednost	Ncfsa	NOUN	Case=Acc Gender=Fem Number=Sing	tok25	conj	umetnost	Ncfsa	NOUN	Case=Acc Gender=Fem Number=Sing	tok23
človeških	človeški	Agpfpg	ADJ	Case=Gen Degree=Pos Gender=Fem Number=Plur	tok26	amod	sanja	Ncfpg	NOUN	Case=Gen Gender=Fem Number=Plur	tok27
sanj	sanja	Ncfpg	NOUN	Case=Gen Gender=Fem Number=Plur	tok27	nmod	vrednost	Ncfsa	NOUN	Case=Acc Gender=Fem Number=Sing	tok25
<g/>
.	.	Z	PUNCT	_	tok28	punct	odigran	Appmsnn	ADJ	Case=Nom Definite=Ind Degree=Pos Gender=Masc Number=Sing VerbForm=Part	tok18
</s>
</p>
<p id="newsfeed.2019-01-01.14.5">
<s id="newsfeed.2019-01-01.14.5.1">
<name type="misc">
Pavarotti	Pavarotti	Npmsn	PROPN	Case=Nom Gender=Masc Number=Sing	tok1	root	-	-	-	-	-	-
Duets	Duets	Npmsn	PROPN	Case=Nom Gender=Masc Number=Sing	tok2	flat:name	Pavarotti	Npmsn	PROPN	Case=Nom Gender=Masc Number=Sing	tok1
-	-	Z	PUNCT	_	tok3	punct	Pavarotti	Npmsn	PROPN	Case=Nom Gender=Masc Number=Sing	tok1
Best	best	Xf	X	Foreign=Yes	tok4	flat:foreign	Pavarotti	Npmsn	PROPN	Case=Nom Gender=Masc Number=Sing	tok1
of	of	Xf	X	Foreign=Yes	tok5	flat:foreign	Pavarotti	Npmsn	PROPN	Case=Nom Gender=Masc Number=Sing	tok1
Pavarotti	pavarotti	Xf	X	Foreign=Yes	tok6	flat:foreign	Pavarotti	Npmsn	PROPN	Case=Nom Gender=Masc Number=Sing	tok1
&amp;	&amp;	Z	SYM	_	tok7	flat:foreign	Pavarotti	Npmsn	PROPN	Case=Nom Gender=Masc Number=Sing	tok1
Friends	friends	Xf	X	Foreign=Yes	tok8	flat:foreign	Pavarotti	Npmsn	PROPN	Case=Nom Gender=Masc Number=Sing	tok1
<g/>
</name>
.	.	Z	PUNCT	_	tok9	punct	Pavarotti	Npmsn	PROPN	Case=Nom Gender=Masc Number=Sing	tok1
</s>
<s id="newsfeed.2019-01-01.14.5.2">
Posnetek	posnetek	Ncmsn	NOUN	Case=Nom Gender=Masc Number=Sing	tok1	root	-	-	-	-	-	-
koncerta	koncert	Ncmsg	NOUN	Case=Gen Gender=Masc Number=Sing	tok2	nmod	posnetek	Ncmsn	NOUN	Case=Nom Gender=Masc Number=Sing	tok1
<g/>
.	.	Z	PUNCT	_	tok3	punct	posnetek	Ncmsn	NOUN	Case=Nom Gender=Masc Number=Sing	tok1
</s>
</p>
<p id="newsfeed.2019-01-01.14.6">
<s id="newsfeed.2019-01-01.14.6.1">
<name type="per">
Luciano	Luciano	Npmsn	PROPN	Case=Nom Gender=Masc Number=Sing	tok1	nsubj	umetnik	Ncmpg	NOUN	Case=Gen Gender=Masc Number=Plur	tok15
Pavarotti	Pavarotti	Npmsn	PROPN	Case=Nom Gender=Masc Number=Sing	tok2	flat:name	Luciano	Npmsn	PROPN	Case=Nom Gender=Masc Number=Sing	tok1
<g/>
</name>
,	,	Z	PUNCT	_	tok3	punct	tenorist	Ncmpg	NOUN	Case=Gen Gender=Masc Number=Plur	tok7
eden	eden	Mlpmsn	NUM	Case=Nom Gender=Masc NumForm=Word NumType=Card Number=Sing	tok4	nummod	tenorist	Ncmpg	NOUN	Case=Gen Gender=Masc Number=Plur	tok7
najbolj	najbolj	Rgs	ADV	Degree=Sup	tok5	advmod	slaven	Agpmpg	ADJ	Case=Gen Degree=Pos Gender=Masc Number=Plur	tok6
slavnih	slaven	Agpmpg	ADJ	Case=Gen Degree=Pos Gender=Masc Number=Plur	tok6	amod	tenorist	Ncmpg	NOUN	Case=Gen Gender=Masc Number=Plur	tok7
tenoristov	tenorist	Ncmpg	NOUN	Case=Gen Gender=Masc Number=Plur	tok7	appos	Luciano	Npmsn	PROPN	Case=Nom Gender=Masc Number=Sing	tok1
vseh	ves	Pg-mpg	DET	Case=Gen Gender=Masc Number=Plur PronType=Tot	tok8	det	čas	Ncmpg	NOUN	Case=Gen Gender=Masc Number=Plur	tok9
časov	čas	Ncmpg	NOUN	Case=Gen Gender=Masc Number=Plur	tok9	nmod	tenorist	Ncmpg	NOUN	Case=Gen Gender=Masc Number=Plur	tok7
<g/>
,	,	Z	PUNCT	_	tok10	punct	tenorist	Ncmpg	NOUN	Case=Gen Gender=Masc Number=Plur	tok7
je	biti	Va-r3s-n	AUX	Mood=Ind Number=Sing Person=3 Polarity=Pos Tense=Pres VerbForm=Fin	tok11	aux	umetnik	Ncmpg	NOUN	Case=Gen Gender=Masc Number=Plur	tok15
bil	biti	Va-p-sm	AUX	Gender=Masc Number=Sing VerbForm=Part	tok12	cop	umetnik	Ncmpg	NOUN	Case=Gen Gender=Masc Number=Plur	tok15
eden	eden	Mlpmsn	NUM	Case=Nom Gender=Masc NumForm=Word NumType=Card Number=Sing	tok13	nummod	umetnik	Ncmpg	NOUN	Case=Gen Gender=Masc Number=Plur	tok15
redkih	redek	Agpmpg	ADJ	Case=Gen Degree=Pos Gender=Masc Number=Plur	tok14	amod	umetnik	Ncmpg	NOUN	Case=Gen Gender=Masc Number=Plur	tok15
umetnikov	umetnik	Ncmpg	NOUN	Case=Gen Gender=Masc Number=Plur	tok15	root	-	-	-	-	-	-
<g/>
,	,	Z	PUNCT	_	tok16	punct	uspeti	Vmep-sn	VERB	Aspect=Perf Gender=Neut Number=Sing VerbForm=Part	tok20
ki	ki	Cs	SCONJ	_	tok17	mark	uspeti	Vmep-sn	VERB	Aspect=Perf Gender=Neut Number=Sing VerbForm=Part	tok20
mu	on	Pp3msd--y	PRON	Case=Dat Gender=Masc Number=Sing Person=3 PronType=Prs Variant=Short	tok18	obj	uspeti	Vmep-sn	VERB	Aspect=Perf Gender=Neut Number=Sing VerbForm=Part	tok20
je	biti	Va-r3s-n	AUX	Mood=Ind Number=Sing Person=3 Polarity=Pos Tense=Pres VerbForm=Fin	tok19	aux	uspeti	Vmep-sn	VERB	Aspect=Perf Gender=Neut Number=Sing VerbForm=Part	tok20
uspelo	uspeti	Vmep-sn	VERB	Aspect=Perf Gender=Neut Number=Sing VerbForm=Part	tok20	acl	umetnik	Ncmpg	NOUN	Case=Gen Gender=Masc Number=Plur	tok15
združiti	združiti	Vmen	VERB	Aspect=Perf VerbForm=Inf	tok21	xcomp	uspeti	Vmep-sn	VERB	Aspect=Perf Gender=Neut Number=Sing VerbForm=Part	tok20
klasično	klasičen	Agpfsa	ADJ	Case=Acc Degree=Pos Gender=Fem Number=Sing	tok22	amod	glasba	Ncfsa	NOUN	Case=Acc Gender=Fem Number=Sing	tok25
in	in	Cc	CCONJ	_	tok23	cc	popularen	Agpfsa	ADJ	Case=Acc Degree=Pos Gender=Fem Number=Sing	tok24
popularno	popularen	Agpfsa	ADJ	Case=Acc Degree=Pos Gender=Fem Number=Sing	tok24	conj	klasičen	Agpfsa	ADJ	Case=Acc Degree=Pos Gender=Fem Number=Sing	tok22
glasbo	glasba	Ncfsa	NOUN	Case=Acc Gender=Fem Number=Sing	tok25	obj	združiti	Vmen	VERB	Aspect=Perf VerbForm=Inf	tok21
<g/>
.	.	Z	PUNCT	_	tok26	punct	umetnik	Ncmpg	NOUN	Case=Gen Gender=Masc Number=Plur	tok15
</s>
<s id="newsfeed.2019-01-01.14.6.2">
Z	z	Si	ADP	Case=Ins	tok1	case	zvezdnik	Ncmpi	NOUN	Case=Ins Gender=Masc Number=Plur	tok2
zvezdniki	zvezdnik	Ncmpi	NOUN	Case=Ins Gender=Masc Number=Plur	tok2	obl	navduševati	Vmpp-sm	VERB	Aspect=Imp Gender=Masc Number=Sing VerbForm=Part	tok10
rock	rock	Ncmsn	NOUN	Case=Nom Gender=Masc Number=Sing	tok3	nmod	zvezdnik	Ncmpi	NOUN	Case=Ins Gender=Masc Number=Plur	tok2
<g/>
,	,	Z	PUNCT	_	tok4	punct	pop	Ncmsn	NOUN	Case=Nom Gender=Masc Number=Sing	tok5
pop	pop	Ncmsn	NOUN	Case=Nom Gender=Masc Number=Sing	tok5	conj	rock	Ncmsn	NOUN	Case=Nom Gender=Masc Number=Sing	tok3
in	in	Cc	CCONJ	_	tok6	cc	glasba	Ncfsg	NOUN	Case=Gen Gender=Fem Number=Sing	tok8
jazz	jazz	Ncmsn	NOUN	Case=Nom Gender=Masc Number=Sing	tok7	nmod	glasba	Ncfsg	NOUN	Case=Gen Gender=Fem Number=Sing	tok8
glasbe	glasba	Ncfsg	NOUN	Case=Gen Gender=Fem Number=Sing	tok8	conj	zvezdnik	Ncmpi	NOUN	Case=Ins Gender=Masc Number=Plur	tok2
je	biti	Va-r3s-n	AUX	Mood=Ind Number=Sing Person=3 Polarity=Pos Tense=Pres VerbForm=Fin	tok9	aux	navduševati	Vmpp-sm	VERB	Aspect=Imp Gender=Masc Number=Sing VerbForm=Part	tok10
navduševal	navduševati	Vmpp-sm	VERB	Aspect=Imp Gender=Masc Number=Sing VerbForm=Part	tok10	root	-	-	-	-	-	-
milijone	milijon	Ncmpa	NOUN	Case=Acc Gender=Masc Number=Plur	tok11	obj	navduševati	Vmpp-sm	VERB	Aspect=Imp Gender=Masc Number=Sing VerbForm=Part	tok10
gledalcev	gledalec	Ncmpg	NOUN	Case=Gen Gender=Masc Number=Plur	tok12	nmod	milijon	Ncmpa	NOUN	Case=Acc Gender=Masc Number=Plur	tok11
po	po	Sl	ADP	Case=Loc	tok13	case	svet	Ncmsl	NOUN	Case=Loc Gender=Masc Number=Sing	tok14
svetu	svet	Ncmsl	NOUN	Case=Loc Gender=Masc Number=Sing	tok14	nmod	gledalec	Ncmpg	NOUN	Case=Gen Gender=Masc Number=Plur	tok12
<g/>
.	.	Z	PUNCT	_	tok15	punct	navduševati	Vmpp-sm	VERB	Aspect=Imp Gender=Masc Number=Sing VerbForm=Part	tok10
</s>
<s id="newsfeed.2019-01-01.14.6.3">
Na	na	Sl	ADP	Case=Loc	tok1	case	koncert	Ncmsl	NOUN	Case=Loc Gender=Masc Number=Sing	tok2
koncertu	koncert	Ncmsl	NOUN	Case=Loc Gender=Masc Number=Sing	tok2	obl	pridružiti	Vmep-pm	VERB	Aspect=Perf Gender=Masc Number=Plur VerbForm=Part	tok6
so	biti	Va-r3p-n	AUX	Mood=Ind Number=Plur Person=3 Polarity=Pos Tense=Pres VerbForm=Fin	tok3	aux	pridružiti	Vmep-pm	VERB	Aspect=Perf Gender=Masc Number=Plur VerbForm=Part	tok6
se	se	Px------y	PRON	PronType=Prs Reflex=Yes Variant=Short	tok4	expl	pridružiti	Vmep-pm	VERB	Aspect=Perf Gender=Masc Number=Plur VerbForm=Part	tok6
mu	on	Pp3msd--y	PRON	Case=Dat Gender=Masc Number=Sing Person=3 PronType=Prs Variant=Short	tok5	obj	pridružiti	Vmep-pm	VERB	Aspect=Perf Gender=Masc Number=Plur VerbForm=Part	tok6
pridružili	pridružiti	Vmep-pm	VERB	Aspect=Perf Gender=Masc Number=Plur VerbForm=Part	tok6	root	-	-	-	-	-	-
pevci	pevec	Ncmpn	NOUN	Case=Nom Gender=Masc Number=Plur	tok7	nsubj	pridružiti	Vmep-pm	VERB	Aspect=Perf Gender=Masc Number=Plur VerbForm=Part	tok6
<name type="per">
Bryan	Bryan	Npmsn	PROPN	Case=Nom Gender=Masc Number=Sing	tok8	nmod	pevec	Ncmpn	NOUN	Case=Nom Gender=Masc Number=Plur	tok7
Adams	Adams	Npmsn	PROPN	Case=Nom Gender=Masc Number=Sing	tok9	flat:name	Bryan	Npmsn	PROPN	Case=Nom Gender=Masc Number=Sing	tok8
<g/>
</name>
,	,	Z	PUNCT	_	tok10	punct	Andrea	Npmsn	PROPN	Case=Nom Gender=Masc Number=Sing	tok11
<name type="per">
Andrea	Andrea	Npmsn	PROPN	Case=Nom Gender=Masc Number=Sing	tok11	conj	pevec	Ncmpn	NOUN	Case=Nom Gender=Masc Number=Plur	tok7
Bocelli	Bocelli	Npmsn	PROPN	Case=Nom Gender=Masc Number=Sing	tok12	flat:name	Andrea	Npmsn	PROPN	Case=Nom Gender=Masc Number=Sing	tok11
<g/>
</name>
,	,	Z	PUNCT	_	tok13	punct	Bon	Npmsn	PROPN	Case=Nom Gender=Masc Number=Sing	tok14
<name type="per">
Bon	Bon	Npmsn	PROPN	Case=Nom Gender=Masc Number=Sing	tok14	conj	pevec	Ncmpn	NOUN	Case=Nom Gender=Masc Number=Plur	tok7
Jovi	Jovi	Npmsn	PROPN	Case=Nom Gender=Masc Number=Sing	tok15	flat:name	Bon	Npmsn	PROPN	Case=Nom Gender=Masc Number=Sing	tok14
<g/>
,	,	Z	PUNCT	_	tok16	punct	Bono	Npmsn	PROPN	Case=Nom Gender=Masc Number=Sing	tok17
Bono	Bono	Npmsn	PROPN	Case=Nom Gender=Masc Number=Sing	tok17	conj	pevec	Ncmpn	NOUN	Case=Nom Gender=Masc Number=Plur	tok7
<g/>
</name>
,	,	Z	PUNCT	_	tok18	punct	Mariah	Npfsn	PROPN	Case=Nom Gender=Fem Number=Sing	tok19
<name type="per">
Mariah	Mariah	Npfsn	PROPN	Case=Nom Gender=Fem Number=Sing	tok19	conj	pevec	Ncmpn	NOUN	Case=Nom Gender=Masc Number=Plur	tok7
Carey	Carey	Npfsn	PROPN	Case=Nom Gender=Fem Number=Sing	tok20	flat:name	Mariah	Npfsn	PROPN	Case=Nom Gender=Fem Number=Sing	tok19
<g/>
</name>
,	,	Z	PUNCT	_	tok21	punct	Eric	Npmsn	PROPN	Case=Nom Gender=Masc Number=Sing	tok22
<name type="per">
Eric	Eric	Npmsn	PROPN	Case=Nom Gender=Masc Number=Sing	tok22	conj	pevec	Ncmpn	NOUN	Case=Nom Gender=Masc Number=Plur	tok7
Clapton	Clapton	Npmsn	PROPN	Case=Nom Gender=Masc Number=Sing	tok23	flat:name	Eric	Npmsn	PROPN	Case=Nom Gender=Masc Number=Sing	tok22
<g/>
</name>
,	,	Z	PUNCT	_	tok24	punct	Sheryl	Npfsn	PROPN	Case=Nom Gender=Fem Number=Sing	tok25
<name type="per">
Sheryl	Sheryl	Npfsn	PROPN	Case=Nom Gender=Fem Number=Sing	tok25	conj	pevec	Ncmpn	NOUN	Case=Nom Gender=Masc Number=Plur	tok7
Crow	Crow	Npfsn	PROPN	Case=Nom Gender=Fem Number=Sing	tok26	flat:name	Sheryl	Npfsn	PROPN	Case=Nom Gender=Fem Number=Sing	tok25
<g/>
</name>
,	,	Z	PUNCT	_	tok27	punct	Celine	Npfpn	PROPN	Case=Nom Gender=Fem Number=Plur	tok28
<name type="per">
Celine	Celine	Npfpn	PROPN	Case=Nom Gender=Fem Number=Plur	tok28	conj	pevec	Ncmpn	NOUN	Case=Nom Gender=Masc Number=Plur	tok7
Dion	Dion	Npfsn	PROPN	Case=Nom Gender=Fem Number=Sing	tok29	flat:name	Celine	Npfpn	PROPN	Case=Nom Gender=Fem Number=Plur	tok28
<g/>
</name>
,	,	Z	PUNCT	_	tok30	punct	Elton	Npmsn	PROPN	Case=Nom Gender=Masc Number=Sing	tok31
<name type="per">
Elton	Elton	Npmsn	PROPN	Case=Nom Gender=Masc Number=Sing	tok31	conj	pevec	Ncmpn	NOUN	Case=Nom Gender=Masc Number=Plur	tok7
John	John	Npmsn	PROPN	Case=Nom Gender=Masc Number=Sing	tok32	flat:name	Elton	Npmsn	PROPN	Case=Nom Gender=Masc Number=Sing	tok31
<g/>
</name>
,	,	Z	PUNCT	_	tok33	punct	Lionel	Npmsn	PROPN	Case=Nom Gender=Masc Number=Sing	tok34
<name type="per">
Lionel	Lionel	Npmsn	PROPN	Case=Nom Gender=Masc Number=Sing	tok34	conj	Bryan	Npmsn	PROPN	Case=Nom Gender=Masc Number=Sing	tok8
Richie	Richie	Npmsn	PROPN	Case=Nom Gender=Masc Number=Sing	tok35	flat:name	Lionel	Npmsn	PROPN	Case=Nom Gender=Masc Number=Sing	tok34
<g/>
</name>
,	,	Z	PUNCT	_	tok36	punct	Frank	Npmsn	PROPN	Case=Nom Gender=Masc Number=Sing	tok37
<name type="per">
Frank	Frank	Npmsn	PROPN	Case=Nom Gender=Masc Number=Sing	tok37	conj	Bryan	Npmsn	PROPN	Case=Nom Gender=Masc Number=Sing	tok8
Sinatra	Sinatra	Npmsn	PROPN	Case=Nom Gender=Masc Number=Sing	tok38	flat:name	Frank	Npmsn	PROPN	Case=Nom Gender=Masc Number=Sing	tok37
<g/>
</name>
,	,	Z	PUNCT	_	tok39	punct	Sting	Npmsn	PROPN	Case=Nom Gender=Masc Number=Sing	tok40
<name type="per">
Sting	Sting	Npmsn	PROPN	Case=Nom Gender=Masc Number=Sing	tok40	conj	Bryan	Npmsn	PROPN	Case=Nom Gender=Masc Number=Sing	tok8
<g/>
,	,	Z	PUNCT	_	tok41	punct	Zucchero	Npmsn	PROPN	Case=Nom Gender=Masc Number=Sing	tok42
Zucchero	Zucchero	Npmsn	PROPN	Case=Nom Gender=Masc Number=Sing	tok42	conj	pevec	Ncmpn	NOUN	Case=Nom Gender=Masc Number=Plur	tok7
</name>
idr.	idr.	Y	X	Abbr=Yes	tok43	nmod	Zucchero	Npmsn	PROPN	Case=Nom Gender=Masc Number=Sing	tok42
</s>
<s id="newsfeed.2019-01-01.14.6.4">
<name type="per">
Vikendova	Vikendov	Aspfsn	ADJ	Case=Nom Degree=Pos Gender=Fem Number=Sing Poss=Yes	tok1	amod	ocena	Ncfsn	NOUN	Case=Nom Gender=Fem Number=Sing	tok2
</name>
ocena	ocena	Ncfsn	NOUN	Case=Nom Gender=Fem Number=Sing	tok2	parataxis	4	Mdc	NUM	NumForm=Digit NumType=Card	tok4
<g/>
:	:	Z	PUNCT	_	tok3	punct	ocena	Ncfsn	NOUN	Case=Nom Gender=Fem Number=Sing	tok2
4	4	Mdc	NUM	NumForm=Digit NumType=Card	tok4	root	-	-	-	-	-	-
(	(	Z	PUNCT	_	tok5	punct	5	Mdc	NUM	NumForm=Digit NumType=Card	tok7
<g/>
od	od	Sg	ADP	Case=Gen	tok6	case	5	Mdc	NUM	NumForm=Digit NumType=Card	tok7
5	5	Mdc	NUM	NumForm=Digit NumType=Card	tok7	conj	4	Mdc	NUM	NumForm=Digit NumType=Card	tok4
<g/>
)	)	Z	PUNCT	_	tok8	punct	5	Mdc	NUM	NumForm=Digit NumType=Card	tok7
</s>
</p>
<p id="newsfeed.2019-01-01.14.7">
<s id="newsfeed.2019-01-01.14.7.1">
Interstellar	Interstellar	Npmsn	PROPN	Case=Nom Gender=Masc Number=Sing	tok1	root	-	-	-	-	-	-
<g/>
.	.	Z	PUNCT	_	tok2	punct	Interstellar	Npmsn	PROPN	Case=Nom Gender=Masc Number=Sing	tok1
</s>
<s id="newsfeed.2019-01-01.14.7.2">
<name type="loc">
ZDA	ZDA	Npfpn	PROPN	Case=Nom Gender=Fem Number=Plur	tok1	root	-	-	-	-	-	-
<g/>
</name>
/	/	Z	PUNCT	_	tok2	punct	VB	Npmsn	PROPN	Case=Nom Gender=Masc Number=Sing	tok3
<g/>
VB	VB	Npmsn	PROPN	Case=Nom Gender=Masc Number=Sing	tok3	conj	ZDA	Npfpn	PROPN	Case=Nom Gender=Fem Number=Plur	tok1
<g/>
,	,	Z	PUNCT	_	tok4	punct	2014.	Mdo	NUM	NumForm=Digit NumType=Ord	tok5
2014.	2014.	Mdo	NUM	NumForm=Digit NumType=Ord	tok5	conj	ZDA	Npfpn	PROPN	Case=Nom Gender=Fem Number=Plur	tok1
:	:	Z	PUNCT	_	tok6	punct	2014.	Mdo	NUM	NumForm=Digit NumType=Ord	tok5
<name type="per">
Christopher	Christopher	Npmsn	PROPN	Case=Nom Gender=Masc Number=Sing	tok7	conj	ZDA	Npfpn	PROPN	Case=Nom Gender=Fem Number=Plur	tok1
Nolan	Nolan	Npmsn	PROPN	Case=Nom Gender=Masc Number=Sing	tok8	flat:name	Christopher	Npmsn	PROPN	Case=Nom Gender=Masc Number=Sing	tok7
<g/>
</name>
.	.	Z	PUNCT	_	tok9	punct	ZDA	Npfpn	PROPN	Case=Nom Gender=Fem Number=Plur	tok1
</s>
<s id="newsfeed.2019-01-01.14.7.3">
Igrajo	igrati	Vmpr3p	VERB	Aspect=Imp Mood=Ind Number=Plur Person=3 Tense=Pres VerbForm=Fin	tok1	root	-	-	-	-	-	-
<g/>
:	:	Z	PUNCT	_	tok2	punct	Matthew	Npmsn	PROPN	Case=Nom Gender=Masc Number=Sing	tok3
<name type="per">
Matthew	Matthew	Npmsn	PROPN	Case=Nom Gender=Masc Number=Sing	tok3	nsubj	igrati	Vmpr3p	VERB	Aspect=Imp Mood=Ind Number=Plur Person=3 Tense=Pres VerbForm=Fin	tok1
McConaughey	Mcconaughey	Npmsn	PROPN	Case=Nom Gender=Masc Number=Sing	tok4	flat:name	Matthew	Npmsn	PROPN	Case=Nom Gender=Masc Number=Sing	tok3
<g/>
</name>
,	,	Z	PUNCT	_	tok5	punct	Anne	Npfsn	PROPN	Case=Nom Gender=Fem Number=Sing	tok6
<name type="per">
Anne	Anne	Npfsn	PROPN	Case=Nom Gender=Fem Number=Sing	tok6	conj	Matthew	Npmsn	PROPN	Case=Nom Gender=Masc Number=Sing	tok3
Hathaway	Hathaway	Npfsn	PROPN	Case=Nom Gender=Fem Number=Sing	tok7	flat:name	Anne	Npfsn	PROPN	Case=Nom Gender=Fem Number=Sing	tok6
<g/>
</name>
,	,	Z	PUNCT	_	tok8	punct	Jessica	Npfsn	PROPN	Case=Nom Gender=Fem Number=Sing	tok9
<name type="per">
Jessica	Jessica	Npfsn	PROPN	Case=Nom Gender=Fem Number=Sing	tok9	conj	Matthew	Npmsn	PROPN	Case=Nom Gender=Masc Number=Sing	tok3
Chastain	Chastain	Npfsn	PROPN	Case=Nom Gender=Fem Number=Sing	tok10	flat:name	Jessica	Npfsn	PROPN	Case=Nom Gender=Fem Number=Sing	tok9
<g/>
</name>
.	.	Z	PUNCT	_	tok11	punct	igrati	Vmpr3p	VERB	Aspect=Imp Mood=Ind Number=Plur Person=3 Tense=Pres VerbForm=Fin	tok1
</s>
<s id="newsfeed.2019-01-01.14.7.4">
ZF	ZF	Npmsn	PROPN	Case=Nom Gender=Masc Number=Sing	tok1	root	-	-	-	-	-	-
film.	film.	Y	X	Abbr=Yes	tok2	flat:foreign	ZF	Npmsn	PROPN	Case=Nom Gender=Masc Number=Sing	tok1
169	169	Mdc	NUM	NumForm=Digit NumType=Card	tok3	nummod	ZF	Npmsn	PROPN	Case=Nom Gender=Masc Number=Sing	tok1
min	min	Ncmsn	NOUN	Case=Nom Gender=Masc Number=Sing	tok4	flat:foreign	ZF	Npmsn	PROPN	Case=Nom Gender=Masc Number=Sing	tok1
<g/>
.	.	Z	PUNCT	_	tok5	punct	ZF	Npmsn	PROPN	Case=Nom Gender=Masc Number=Sing	tok1
</s>
</p>
<p id="newsfeed.2019-01-01.14.8">
<s id="newsfeed.2019-01-01.14.8.1">
Zemlja	Zemlja	Npfsn	PROPN	Case=Nom Gender=Fem Number=Sing	tok1	nsubj	izčrpan	Appfsn	ADJ	Case=Nom Degree=Pos Gender=Fem Number=Sing VerbForm=Part	tok4
je	biti	Va-r3s-n	AUX	Mood=Ind Number=Sing Person=3 Polarity=Pos Tense=Pres VerbForm=Fin	tok2	cop	izčrpan	Appfsn	ADJ	Case=Nom Degree=Pos Gender=Fem Number=Sing VerbForm=Part	tok4
energetsko	energetsko	Rgp	ADV	Degree=Pos	tok3	advmod	izčrpan	Appfsn	ADJ	Case=Nom Degree=Pos Gender=Fem Number=Sing VerbForm=Part	tok4
izčrpana	izčrpan	Appfsn	ADJ	Case=Nom Degree=Pos Gender=Fem Number=Sing VerbForm=Part	tok4	root	-	-	-	-	-	-
in	in	Cc	CCONJ	_	tok5	cc	odkriti	Vmer3p	VERB	Aspect=Perf Mood=Ind Number=Plur Person=3 Tense=Pres VerbForm=Fin	tok10
ko	ko	Cs	SCONJ	_	tok6	mark	odkriti	Vmer3p	VERB	Aspect=Perf Mood=Ind Number=Plur Person=3 Tense=Pres VerbForm=Fin	tok10
znanstveniki	znanstvenik	Ncmpn	NOUN	Case=Nom Gender=Masc Number=Plur	tok7	nsubj	odkriti	Vmer3p	VERB	Aspect=Perf Mood=Ind Number=Plur Person=3 Tense=Pres VerbForm=Fin	tok10
v	v	Sl	ADP	Case=Loc	tok8	case	vesolje	Ncnsl	NOUN	Case=Loc Gender=Neut Number=Sing	tok9
vesolju	vesolje	Ncnsl	NOUN	Case=Loc Gender=Neut Number=Sing	tok9	obl	odkriti	Vmer3p	VERB	Aspect=Perf Mood=Ind Number=Plur Person=3 Tense=Pres VerbForm=Fin	tok10
odkrijejo	odkriti	Vmer3p	VERB	Aspect=Perf Mood=Ind Number=Plur Person=3 Tense=Pres VerbForm=Fin	tok10	advcl	izčrpan	Appfsn	ADJ	Case=Nom Degree=Pos Gender=Fem Number=Sing VerbForm=Part	tok4
črvino	črvina	Ncfsa	NOUN	Case=Acc Gender=Fem Number=Sing	tok11	obj	odkriti	Vmer3p	VERB	Aspect=Perf Mood=Ind Number=Plur Person=3 Tense=Pres VerbForm=Fin	tok10
<g/>
,	,	Z	PUNCT	_	tok12	punct	odkriti	Vmer3p	VERB	Aspect=Perf Mood=Ind Number=Plur Person=3 Tense=Pres VerbForm=Fin	tok10
organizirajo	organizirati	Vmbr3p	VERB	Mood=Ind Number=Plur Person=3 Tense=Pres VerbForm=Fin	tok13	parataxis	izčrpan	Appfsn	ADJ	Case=Nom Degree=Pos Gender=Fem Number=Sing VerbForm=Part	tok4
medzvezdno	medzvezden	Agpnsa	ADJ	Case=Acc Degree=Pos Gender=Neut Number=Sing	tok14	amod	popotovanje	Ncnsa	NOUN	Case=Acc Gender=Neut Number=Sing	tok15
popotovanje	popotovanje	Ncnsa	NOUN	Case=Acc Gender=Neut Number=Sing	tok15	obj	organizirati	Vmbr3p	VERB	Mood=Ind Number=Plur Person=3 Tense=Pres VerbForm=Fin	tok13
<g/>
,	,	Z	PUNCT	_	tok16	punct	najti	Vmep-pm	VERB	Aspect=Perf Gender=Masc Number=Plur VerbForm=Part	tok19
da	da	Cs	SCONJ	_	tok17	mark	najti	Vmep-pm	VERB	Aspect=Perf Gender=Masc Number=Plur VerbForm=Part	tok19
bi	biti	Va-c	AUX	Mood=Cnd VerbForm=Fin	tok18	aux	najti	Vmep-pm	VERB	Aspect=Perf Gender=Masc Number=Plur VerbForm=Part	tok19
našli	najti	Vmep-pm	VERB	Aspect=Perf Gender=Masc Number=Plur VerbForm=Part	tok19	advcl	organizirati	Vmbr3p	VERB	Mood=Ind Number=Plur Person=3 Tense=Pres VerbForm=Fin	tok13
planet	planet	Ncmsan	NOUN	Animacy=Inan Case=Acc Gender=Masc Number=Sing	tok20	obj	najti	Vmep-pm	VERB	Aspect=Perf Gender=Masc Number=Plur VerbForm=Part	tok19
<g/>
,	,	Z	PUNCT	_	tok21	punct	naseliti	Vmep-pm	VERB	Aspect=Perf Gender=Masc Number=Plur VerbForm=Part	tok26
ki	ki	Cs	SCONJ	_	tok22	mark	naseliti	Vmep-pm	VERB	Aspect=Perf Gender=Masc Number=Plur VerbForm=Part	tok26
bi	biti	Va-c	AUX	Mood=Cnd VerbForm=Fin	tok23	aux	naseliti	Vmep-pm	VERB	Aspect=Perf Gender=Masc Number=Plur VerbForm=Part	tok26
ga	on	Pp3msa--y	PRON	Case=Acc Gender=Masc Number=Sing Person=3 PronType=Prs Variant=Short	tok24	obj	naseliti	Vmep-pm	VERB	Aspect=Perf Gender=Masc Number=Plur VerbForm=Part	tok26
lahko	lahko	Rgp	ADV	Degree=Pos	tok25	advmod	naseliti	Vmep-pm	VERB	Aspect=Perf Gender=Masc Number=Plur VerbForm=Part	tok26
naselili	naseliti	Vmep-pm	VERB	Aspect=Perf Gender=Masc Number=Plur VerbForm=Part	tok26	acl	planet	Ncmsan	NOUN	Animacy=Inan Case=Acc Gender=Masc Number=Sing	tok20
<g/>
.	.	Z	PUNCT	_	tok27	punct	izčrpan	Appfsn	ADJ	Case=Nom Degree=Pos Gender=Fem Number=Sing VerbForm=Part	tok4
</s>
<s id="newsfeed.2019-01-01.14.8.2">
A	a	Cc	CCONJ	_	tok1	cc	teči	Vmpr3s	VERB	Aspect=Imp Mood=Ind Number=Sing Person=3 Tense=Pres VerbForm=Fin	tok5
čas	čas	Ncmsn	NOUN	Case=Nom Gender=Masc Number=Sing	tok2	nsubj	teči	Vmpr3s	VERB	Aspect=Imp Mood=Ind Number=Sing Person=3 Tense=Pres VerbForm=Fin	tok5
v	v	Sl	ADP	Case=Loc	tok3	case	črvina	Ncfsl	NOUN	Case=Loc Gender=Fem Number=Sing	tok4
črvini	črvina	Ncfsl	NOUN	Case=Loc Gender=Fem Number=Sing	tok4	nmod	čas	Ncmsn	NOUN	Case=Nom Gender=Masc Number=Sing	tok2
teče	teči	Vmpr3s	VERB	Aspect=Imp Mood=Ind Number=Sing Person=3 Tense=Pres VerbForm=Fin	tok5	root	-	-	-	-	-	-
drugače	drugače	Rgp	ADV	Degree=Pos	tok6	advmod	teči	Vmpr3s	VERB	Aspect=Imp Mood=Ind Number=Sing Person=3 Tense=Pres VerbForm=Fin	tok5
in	in	Cc	CCONJ	_	tok7	cc	pilot	Ncmsn	NOUN	Case=Nom Gender=Masc Number=Sing	tok8
pilot	pilot	Ncmsn	NOUN	Case=Nom Gender=Masc Number=Sing	tok8	conj	drugače	Rgp	ADV	Degree=Pos	tok6
vesoljske	vesoljski	Agpfsg	ADJ	Case=Gen Degree=Pos Gender=Fem Number=Sing	tok9	amod	ladja	Ncfsg	NOUN	Case=Gen Gender=Fem Number=Sing	tok10
ladje	ladja	Ncfsg	NOUN	Case=Gen Gender=Fem Number=Sing	tok10	nmod	pilot	Ncmsn	NOUN	Case=Nom Gender=Masc Number=Sing	tok8
<g/>
,	,	Z	PUNCT	_	tok11	punct	vdovec	Ncmsn	NOUN	Case=Nom Gender=Masc Number=Sing	tok12
vdovec	vdovec	Ncmsn	NOUN	Case=Nom Gender=Masc Number=Sing	tok12	appos	pilot	Ncmsn	NOUN	Case=Nom Gender=Masc Number=Sing	tok8
<name type="per">
Cooper	Cooper	Npmsn	PROPN	Case=Nom Gender=Masc Number=Sing	tok13	nmod	vdovec	Ncmsn	NOUN	Case=Nom Gender=Masc Number=Sing	tok12
<g/>
</name>
,	,	Z	PUNCT	_	tok14	punct	vdovec	Ncmsn	NOUN	Case=Nom Gender=Masc Number=Sing	tok12
se	se	Px------y	PRON	PronType=Prs Reflex=Yes Variant=Short	tok15	expl	odločiti	Vmen	VERB	Aspect=Perf VerbForm=Inf	tok17
mora	morati	Vmpr3s	VERB	Aspect=Imp Mood=Ind Number=Sing Person=3 Tense=Pres VerbForm=Fin	tok16	parataxis	teči	Vmpr3s	VERB	Aspect=Imp Mood=Ind Number=Sing Person=3 Tense=Pres VerbForm=Fin	tok5
odločiti	odločiti	Vmen	VERB	Aspect=Perf VerbForm=Inf	tok17	xcomp	morati	Vmpr3s	VERB	Aspect=Imp Mood=Ind Number=Sing Person=3 Tense=Pres VerbForm=Fin	tok16
<g/>
,	,	Z	PUNCT	_	tok18	punct	pripravljen	Appmsnn	ADJ	Case=Nom Definite=Ind Degree=Pos Gender=Masc Number=Sing VerbForm=Part	tok25
ali	ali	Rgp	ADV	Degree=Pos	tok19	mark	pripravljen	Appmsnn	ADJ	Case=Nom Definite=Ind Degree=Pos Gender=Masc Number=Sing VerbForm=Part	tok25
je	biti	Va-r3s-n	AUX	Mood=Ind Number=Sing Person=3 Polarity=Pos Tense=Pres VerbForm=Fin	tok20	cop	pripravljen	Appmsnn	ADJ	Case=Nom Definite=Ind Degree=Pos Gender=Masc Number=Sing VerbForm=Part	tok25
za	za	Sa	ADP	Case=Acc	tok21	case	rešitev	Ncfsa	NOUN	Case=Acc Gender=Fem Number=Sing	tok23
morebitno	morebiten	Agpfsa	ADJ	Case=Acc Degree=Pos Gender=Fem Number=Sing	tok22	amod	rešitev	Ncfsa	NOUN	Case=Acc Gender=Fem Number=Sing	tok23
rešitev	rešitev	Ncfsa	NOUN	Case=Acc Gender=Fem Number=Sing	tok23	obl	zapustiti	Vmen	VERB	Aspect=Perf VerbForm=Inf	tok26
človeštva	človeštvo	Ncnsg	NOUN	Case=Gen Gender=Neut Number=Sing	tok24	nmod	rešitev	Ncfsa	NOUN	Case=Acc Gender=Fem Number=Sing	tok23
pripravljen	pripravljen	Appmsnn	ADJ	Case=Nom Definite=Ind Degree=Pos Gender=Masc Number=Sing VerbForm=Part	tok25	ccomp	odločiti	Vmen	VERB	Aspect=Perf VerbForm=Inf	tok17
zapustiti	zapustiti	Vmen	VERB	Aspect=Perf VerbForm=Inf	tok26	ccomp	pripravljen	Appmsnn	ADJ	Case=Nom Definite=Ind Degree=Pos Gender=Masc Number=Sing VerbForm=Part	tok25
svoje	svoj	Px-mpa	DET	Case=Acc Gender=Masc Number=Plur Poss=Yes PronType=Prs Reflex=Yes	tok27	det	otrok	Ncmpa	NOUN	Case=Acc Gender=Masc Number=Plur	tok28
otroke	otrok	Ncmpa	NOUN	Case=Acc Gender=Masc Number=Plur	tok28	obj	zapustiti	Vmen	VERB	Aspect=Perf VerbForm=Inf	tok26
.	.	Z	PUNCT	_	tok29	punct	teči	Vmpr3s	VERB	Aspect=Imp Mood=Ind Number=Sing Person=3 Tense=Pres VerbForm=Fin	tok5
<g/>
.	.	Z	PUNCT	_	tok30	punct	teči	Vmpr3s	VERB	Aspect=Imp Mood=Ind Number=Sing Person=3 Tense=Pres VerbForm=Fin	tok5
<g/>
.	.	Z	PUNCT	_	tok31	punct	teči	Vmpr3s	VERB	Aspect=Imp Mood=Ind Number=Sing Person=3 Tense=Pres VerbForm=Fin	tok5
</s>
</p>
</text>
